Copyright 1986-2022 Xilinx, Inc. All Rights Reserved. Copyright 2022-2025 Advanced Micro Devices, Inc. All Rights Reserved.
--------------------------------------------------------------------------------------------------------------------------------------------------
| Tool Version      : Vivado v.2025.2 (win64) Build 6299465 Fri Nov 14 19:35:11 GMT 2025
| Date              : Fri Jul 10 17:08:53 2026
| Host              : DESKTOP-B6PV349 running 64-bit major release  (build 9200)
| Command           : report_timing_summary -file D:/ZB_AI_Vision/vivado/u96_dma_vec4_impl_timing_summary.rpt
| Design            : u96v4bd_wrapper
| Device            : xczu3eg-sbva484
| Speed File        : -1  PRODUCTION 1.30 05-15-2022
| Design State      : Routed
| Temperature Grade : E
--------------------------------------------------------------------------------------------------------------------------------------------------

Timing Summary Report

------------------------------------------------------------------------------------------------
| Timer Settings
| --------------
------------------------------------------------------------------------------------------------

  Enable Multi Corner Analysis               :  Yes
  Enable Pessimism Removal                   :  Yes
  Pessimism Removal Resolution               :  Nearest Common Node
  Enable Input Delay Default Clock           :  No
  Enable Preset / Clear Arcs                 :  No
  Disable Flight Delays                      :  No
  Ignore I/O Paths                           :  No
  Timing Early Launch at Borrowing Latches   :  No
  Borrow Time for Max Delay Exceptions       :  Yes
  Merge Timing Exceptions                    :  Yes
  Inter-SLR Compensation                     :  Conservative

  Corner  Analyze    Analyze    
  Name    Max Paths  Min Paths  
  ------  ---------  ---------  
  Slow    Yes        Yes        
  Fast    Yes        Yes        


------------------------------------------------------------------------------------------------
| Report Methodology
| ------------------
------------------------------------------------------------------------------------------------

No report available as report_methodology has not been run prior. Run report_methodology on the current design for the summary of methodology violations.



check_timing report

Table of Contents
-----------------
1. checking no_clock (0)
2. checking constant_clock (0)
3. checking pulse_width_clock (0)
4. checking unconstrained_internal_endpoints (0)
5. checking no_input_delay (0)
6. checking no_output_delay (0)
7. checking multiple_clock (0)
8. checking generated_clocks (0)
9. checking loops (0)
10. checking partial_input_delay (0)
11. checking partial_output_delay (0)
12. checking latch_loops (0)

1. checking no_clock (0)
------------------------
 There are 0 register/latch pins with no clock.


2. checking constant_clock (0)
------------------------------
 There are 0 register/latch pins with constant_clock.


3. checking pulse_width_clock (0)
---------------------------------
 There are 0 register/latch pins which need pulse_width check


4. checking unconstrained_internal_endpoints (0)
------------------------------------------------
 There are 0 pins that are not constrained for maximum delay.

 There are 0 pins that are not constrained for maximum delay due to constant clock.


5. checking no_input_delay (0)
------------------------------
 There are 0 input ports with no input delay specified.

 There are 0 input ports with no input delay but user has a false path constraint.


6. checking no_output_delay (0)
-------------------------------
 There are 0 ports with no output delay specified.

 There are 0 ports with no output delay but user has a false path constraint

 There are 0 ports with no output delay but with a timing clock defined on it or propagating through it


7. checking multiple_clock (0)
------------------------------
 There are 0 register/latch pins with multiple clocks.


8. checking generated_clocks (0)
--------------------------------
 There are 0 generated clocks that are not connected to a clock source.


9. checking loops (0)
---------------------
 There are 0 combinational loops in the design.


10. checking partial_input_delay (0)
------------------------------------
 There are 0 input ports with partial input delay specified.


11. checking partial_output_delay (0)
-------------------------------------
 There are 0 ports with partial output delay specified.


12. checking latch_loops (0)
----------------------------
 There are 0 combinational latch loops in the design through latch input



------------------------------------------------------------------------------------------------
| Design Timing Summary
| ---------------------
------------------------------------------------------------------------------------------------

    WNS(ns)      TNS(ns)  TNS Failing Endpoints  TNS Total Endpoints      WHS(ns)      THS(ns)  THS Failing Endpoints  THS Total Endpoints     WPWS(ns)     TPWS(ns)  TPWS Failing Endpoints  TPWS Total Endpoints  
    -------      -------  ---------------------  -------------------      -------      -------  ---------------------  -------------------     --------     --------  ----------------------  --------------------  
      4.413        0.000                      0                39470        0.015        0.000                      0                39470        3.500        0.000                       0                 13262  


All user specified timing constraints are met.


------------------------------------------------------------------------------------------------
| Clock Summary
| -------------
------------------------------------------------------------------------------------------------

Clock     Waveform(ns)       Period(ns)      Frequency(MHz)
-----     ------------       ----------      --------------
clk_pl_0  {0.000 5.000}      10.000          100.000         


------------------------------------------------------------------------------------------------
| Intra Clock Table
| -----------------
------------------------------------------------------------------------------------------------

Clock             WNS(ns)      TNS(ns)  TNS Failing Endpoints  TNS Total Endpoints      WHS(ns)      THS(ns)  THS Failing Endpoints  THS Total Endpoints     WPWS(ns)     TPWS(ns)  TPWS Failing Endpoints  TPWS Total Endpoints  
-----             -------      -------  ---------------------  -------------------      -------      -------  ---------------------  -------------------     --------     --------  ----------------------  --------------------  
clk_pl_0            4.413        0.000                      0                39470        0.015        0.000                      0                39470        3.500        0.000                       0                 13262  


------------------------------------------------------------------------------------------------
| Inter Clock Table
| -----------------
------------------------------------------------------------------------------------------------

From Clock    To Clock          WNS(ns)      TNS(ns)  TNS Failing Endpoints  TNS Total Endpoints      WHS(ns)      THS(ns)  THS Failing Endpoints  THS Total Endpoints  
----------    --------          -------      -------  ---------------------  -------------------      -------      -------  ---------------------  -------------------  


------------------------------------------------------------------------------------------------
| Other Path Groups Table
| -----------------------
------------------------------------------------------------------------------------------------

Path Group    From Clock    To Clock          WNS(ns)      TNS(ns)  TNS Failing Endpoints  TNS Total Endpoints      WHS(ns)      THS(ns)  THS Failing Endpoints  THS Total Endpoints  
----------    ----------    --------          -------      -------  ---------------------  -------------------      -------      -------  ---------------------  -------------------  


------------------------------------------------------------------------------------------------
| Timing Details
| --------------
------------------------------------------------------------------------------------------------


---------------------------------------------------------------------------------------------------
From Clock:  clk_pl_0
  To Clock:  clk_pl_0

Setup :            0  Failing Endpoints,  Worst Slack        4.413ns,  Total Violation        0.000ns
Hold  :            0  Failing Endpoints,  Worst Slack        0.015ns,  Total Violation        0.000ns
PW    :            0  Failing Endpoints,  Worst Slack        3.500ns,  Total Violation        0.000ns
---------------------------------------------------------------------------------------------------


Max Delay Paths
--------------------------------------------------------------------------------------
Slack (MET) :             4.413ns  (required time - arrival time)
  Source:                 u96v4bd_i/pre/inst/vector_path/input_col_r_reg[1]_rep/C
                            (rising edge-triggered cell FDRE clocked by clk_pl_0  {rise@0.000ns fall@5.000ns period=10.000ns})
  Destination:            u96v4bd_i/pre/inst/vector_path/p1_product_r_reg[3][7]/DSP_A_B_DATA_INST/A[2]
                            (rising edge-triggered cell DSP_A_B_DATA clocked by clk_pl_0  {rise@0.000ns fall@5.000ns period=10.000ns})
  Path Group:             clk_pl_0
  Path Type:              Setup (Max at Slow Process Corner)
  Requirement:            10.000ns  (clk_pl_0 rise@10.000ns - clk_pl_0 rise@0.000ns)
  Data Path Delay:        5.028ns  (logic 0.685ns (13.625%)  route 4.343ns (86.375%))
  Logic Levels:           4  (LUT2=2 LUT6=2)
  Clock Path Skew:        -0.073ns (DCD - SCD + CPR)
    Destination Clock Delay (DCD):    1.757ns = ( 11.757 - 10.000 ) 
    Source Clock Delay      (SCD):    1.990ns
    Clock Pessimism Removal (CPR):    0.160ns
  Clock Uncertainty:      0.176ns  ((TSJ^2 + DJ^2)^1/2) / 2 + PE
    Total System Jitter     (TSJ):    0.071ns
    Discrete Jitter          (DJ):    0.344ns
    Phase Error              (PE):    0.000ns
  Clock Net Delay (Source):      1.783ns (routing 0.638ns, distribution 1.145ns)
  Clock Net Delay (Destination): 1.590ns (routing 0.576ns, distribution 1.014ns)

    Location             Delay type                Incr(ns)  Path(ns)    Netlist Resource(s)
  -------------------------------------------------------------------    -------------------
                         (clock clk_pl_0 rise edge)
                                                      0.000     0.000 r  
    PS8_X0Y0             PS8                          0.000     0.000 r  u96v4bd_i/ps/inst/PS8_i/PLCLK[0]
                         net (fo=1, routed)           0.178     0.178    u96v4bd_i/ps/inst/pl_clk_unbuffered[0]
    BUFG_PS_X0Y58        BUFG_PS (Prop_BUFG_PS_I_O)
                                                      0.029     0.207 r  u96v4bd_i/ps/inst/buffer_pl_clk_0.PL_CLK_0_BUFG/O
    X0Y1 (CLOCK_ROOT)    net (fo=13485, routed)       1.783     1.990    u96v4bd_i/pre/inst/vector_path/S_AXI_ACLK
    SLICE_X12Y151        FDRE                                         r  u96v4bd_i/pre/inst/vector_path/input_col_r_reg[1]_rep/C
  -------------------------------------------------------------------    -------------------
    SLICE_X12Y151        FDRE (Prop_HFF2_SLICEL_C_Q)
                                                      0.097     2.087 f  u96v4bd_i/pre/inst/vector_path/input_col_r_reg[1]_rep/Q
                         net (fo=122, routed)         1.143     3.230    u96v4bd_i/pre/inst/vector_path/input_col_r_reg[1]_rep_n_0
    SLICE_X13Y175        LUT2 (Prop_D5LUT_SLICEL_I1_O)
                                                      0.193     3.423 f  u96v4bd_i/pre/inst/vector_path/row_mod_r[1]_i_3/O
                         net (fo=178, routed)         0.855     4.278    u96v4bd_i/pre/inst/vector_path/row_mod_r[1]_i_3_n_0
    SLICE_X8Y152         LUT2 (Prop_H5LUT_SLICEL_I1_O)
                                                      0.195     4.473 r  u96v4bd_i/pre/inst/vector_path/p1_product_r_reg[0][4]_i_98/O
                         net (fo=10, routed)          0.616     5.089    u96v4bd_i/pre/inst/vector_path/p1_product_r_reg[0][4]_i_98_n_0
    SLICE_X6Y173         LUT6 (Prop_G6LUT_SLICEL_I4_O)
                                                      0.100     5.189 r  u96v4bd_i/pre/inst/vector_path/p1_product_r_reg[0][7]_i_28/O
                         net (fo=1, routed)           0.165     5.354    u96v4bd_i/pre/inst/vector_path/p1_product_r_reg[0][7]_i_28_n_0
    SLICE_X9Y173         LUT6 (Prop_G6LUT_SLICEM_I2_O)
                                                      0.100     5.454 r  u96v4bd_i/pre/inst/vector_path/p1_product_r_reg[0][7]_i_6/O
                         net (fo=4, routed)           1.563     7.018    u96v4bd_i/pre/inst/vector_path/p1_product_r_reg[3][7]/A[2]
    DSP48E2_X1Y57        DSP_A_B_DATA                                 r  u96v4bd_i/pre/inst/vector_path/p1_product_r_reg[3][7]/DSP_A_B_DATA_INST/A[2]
  -------------------------------------------------------------------    -------------------

                         (clock clk_pl_0 rise edge)
                                                     10.000    10.000 r  
    PS8_X0Y0             PS8                          0.000    10.000 r  u96v4bd_i/ps/inst/PS8_i/PLCLK[0]
                         net (fo=1, routed)           0.140    10.140    u96v4bd_i/ps/inst/pl_clk_unbuffered[0]
    BUFG_PS_X0Y58        BUFG_PS (Prop_BUFG_PS_I_O)
                                                      0.027    10.167 r  u96v4bd_i/ps/inst/buffer_pl_clk_0.PL_CLK_0_BUFG/O
    X0Y1 (CLOCK_ROOT)    net (fo=13485, routed)       1.590    11.757    u96v4bd_i/pre/inst/vector_path/p1_product_r_reg[3][7]/CLK
    DSP48E2_X1Y57        DSP_A_B_DATA                                 r  u96v4bd_i/pre/inst/vector_path/p1_product_r_reg[3][7]/DSP_A_B_DATA_INST/CLK
                         clock pessimism              0.160    11.917    
                         clock uncertainty           -0.176    11.741    
    DSP48E2_X1Y57        DSP_A_B_DATA (Setup_DSP_A_B_DATA_DSP48E2_CLK_A[2])
                                                     -0.310    11.431    u96v4bd_i/pre/inst/vector_path/p1_product_r_reg[3][7]/DSP_A_B_DATA_INST
  -------------------------------------------------------------------
                         required time                         11.431    
                         arrival time                          -7.018    
  -------------------------------------------------------------------
                         slack                                  4.413    





Min Delay Paths
--------------------------------------------------------------------------------------
Slack (MET) :             0.015ns  (arrival time - required time)
  Source:                 u96v4bd_i/sc_hp/inst/switchboards/ar_switchboard/inst/gen_mi[0].inst_opipe_payld/gen_pipe[1].pipe_reg[1][75]/C
                            (rising edge-triggered cell FDRE clocked by clk_pl_0  {rise@0.000ns fall@5.000ns period=10.000ns})
  Destination:            u96v4bd_i/sc_hp/inst/m00_nodes/m00_ar_node/inst/inst_mi_handler/gen_normal_area.inst_fifo_node_payld/gen_xpm_memory_fifo.inst_fifo/gen_mem_rep[0].inst_xpm_memory/xpm_memory_base_inst/gen_wr_a.gen_word_narrow.mem_reg_0_31_70_83/RAMB_D1/I
                            (rising edge-triggered cell RAMD32 clocked by clk_pl_0  {rise@0.000ns fall@5.000ns period=10.000ns})
  Path Group:             clk_pl_0
  Path Type:              Hold (Min at Slow Process Corner)
  Requirement:            0.000ns  (clk_pl_0 rise@0.000ns - clk_pl_0 rise@0.000ns)
  Data Path Delay:        0.252ns  (logic 0.070ns (27.778%)  route 0.182ns (72.222%))
  Logic Levels:           0  
  Clock Path Skew:        0.173ns (DCD - SCD - CPR)
    Destination Clock Delay (DCD):    2.057ns
    Source Clock Delay      (SCD):    1.723ns
    Clock Pessimism Removal (CPR):    0.161ns
  Clock Net Delay (Source):      1.556ns (routing 0.576ns, distribution 0.980ns)
  Clock Net Delay (Destination): 1.850ns (routing 0.638ns, distribution 1.212ns)

    Location             Delay type                Incr(ns)  Path(ns)    Netlist Resource(s)
  -------------------------------------------------------------------    -------------------
                         (clock clk_pl_0 rise edge)
                                                      0.000     0.000 r  
    PS8_X0Y0             PS8                          0.000     0.000 r  u96v4bd_i/ps/inst/PS8_i/PLCLK[0]
                         net (fo=1, routed)           0.140     0.140    u96v4bd_i/ps/inst/pl_clk_unbuffered[0]
    BUFG_PS_X0Y58        BUFG_PS (Prop_BUFG_PS_I_O)
                                                      0.027     0.167 r  u96v4bd_i/ps/inst/buffer_pl_clk_0.PL_CLK_0_BUFG/O
    X0Y1 (CLOCK_ROOT)    net (fo=13485, routed)       1.556     1.723    u96v4bd_i/sc_hp/inst/switchboards/ar_switchboard/inst/gen_mi[0].inst_opipe_payld/aclk
    SLICE_X8Y2           FDRE                                         r  u96v4bd_i/sc_hp/inst/switchboards/ar_switchboard/inst/gen_mi[0].inst_opipe_payld/gen_pipe[1].pipe_reg[1][75]/C
  -------------------------------------------------------------------    -------------------
    SLICE_X8Y2           FDRE (Prop_BFF_SLICEL_C_Q)
                                                      0.070     1.793 r  u96v4bd_i/sc_hp/inst/switchboards/ar_switchboard/inst/gen_mi[0].inst_opipe_payld/gen_pipe[1].pipe_reg[1][75]/Q
                         net (fo=1, routed)           0.182     1.975    u96v4bd_i/sc_hp/inst/m00_nodes/m00_ar_node/inst/inst_mi_handler/gen_normal_area.inst_fifo_node_payld/gen_xpm_memory_fifo.inst_fifo/gen_mem_rep[0].inst_xpm_memory/xpm_memory_base_inst/gen_wr_a.gen_word_narrow.mem_reg_0_31_70_83/DIB1
    SLICE_X5Y2           RAMD32                                       r  u96v4bd_i/sc_hp/inst/m00_nodes/m00_ar_node/inst/inst_mi_handler/gen_normal_area.inst_fifo_node_payld/gen_xpm_memory_fifo.inst_fifo/gen_mem_rep[0].inst_xpm_memory/xpm_memory_base_inst/gen_wr_a.gen_word_narrow.mem_reg_0_31_70_83/RAMB_D1/I
  -------------------------------------------------------------------    -------------------

                         (clock clk_pl_0 rise edge)
                                                      0.000     0.000 r  
    PS8_X0Y0             PS8                          0.000     0.000 r  u96v4bd_i/ps/inst/PS8_i/PLCLK[0]
                         net (fo=1, routed)           0.178     0.178    u96v4bd_i/ps/inst/pl_clk_unbuffered[0]
    BUFG_PS_X0Y58        BUFG_PS (Prop_BUFG_PS_I_O)
                                                      0.029     0.207 r  u96v4bd_i/ps/inst/buffer_pl_clk_0.PL_CLK_0_BUFG/O
    X0Y1 (CLOCK_ROOT)    net (fo=13485, routed)       1.850     2.057    u96v4bd_i/sc_hp/inst/m00_nodes/m00_ar_node/inst/inst_mi_handler/gen_normal_area.inst_fifo_node_payld/gen_xpm_memory_fifo.inst_fifo/gen_mem_rep[0].inst_xpm_memory/xpm_memory_base_inst/gen_wr_a.gen_word_narrow.mem_reg_0_31_70_83/WCLK
    SLICE_X5Y2           RAMD32                                       r  u96v4bd_i/sc_hp/inst/m00_nodes/m00_ar_node/inst/inst_mi_handler/gen_normal_area.inst_fifo_node_payld/gen_xpm_memory_fifo.inst_fifo/gen_mem_rep[0].inst_xpm_memory/xpm_memory_base_inst/gen_wr_a.gen_word_narrow.mem_reg_0_31_70_83/RAMB_D1/CLK
                         clock pessimism             -0.161     1.896    
    SLICE_X5Y2           RAMD32 (Hold_B6LUT_SLICEM_CLK_I)
                                                      0.064     1.960    u96v4bd_i/sc_hp/inst/m00_nodes/m00_ar_node/inst/inst_mi_handler/gen_normal_area.inst_fifo_node_payld/gen_xpm_memory_fifo.inst_fifo/gen_mem_rep[0].inst_xpm_memory/xpm_memory_base_inst/gen_wr_a.gen_word_narrow.mem_reg_0_31_70_83/RAMB_D1
  -------------------------------------------------------------------
                         required time                         -1.960    
                         arrival time                           1.975    
  -------------------------------------------------------------------
                         slack                                  0.015    





Pulse Width Checks
--------------------------------------------------------------------------------------
Clock Name:         clk_pl_0
Waveform(ns):       { 0.000 5.000 }
Period(ns):         10.000
Sources:            { u96v4bd_i/ps/inst/PS8_i/PLCLK[0] }

Check Type        Corner  Lib Pin          Reference Pin  Required(ns)  Actual(ns)  Slack(ns)  Location  Pin
Min Period        n/a     PS8/MAXIGP0ACLK  n/a            3.000         10.000      7.000      PS8_X0Y0  u96v4bd_i/ps/inst/PS8_i/MAXIGP0ACLK
Low Pulse Width   Slow    PS8/MAXIGP0ACLK  n/a            1.500         5.000       3.500      PS8_X0Y0  u96v4bd_i/ps/inst/PS8_i/MAXIGP0ACLK
High Pulse Width  Slow    PS8/MAXIGP0ACLK  n/a            1.500         5.000       3.500      PS8_X0Y0  u96v4bd_i/ps/inst/PS8_i/MAXIGP0ACLK



