Copyright 1986-2022 Xilinx, Inc. All Rights Reserved. Copyright 2022-2025 Advanced Micro Devices, Inc. All Rights Reserved.
--------------------------------------------------------------------------------------------------------------------------------------------------
| Tool Version      : Vivado v.2025.2 (win64) Build 6299465 Fri Nov 14 19:35:11 GMT 2025
| Date              : Fri Jul 10 16:51:20 2026
| Host              : DESKTOP-B6PV349 running 64-bit major release  (build 9200)
| Command           : report_timing_summary -file D:/ZB_AI_Vision/vivado/u96_dma_vec4_synth_timing_summary.rpt
| Design            : u96v4bd_wrapper
| Device            : xczu3eg-sbva484
| Speed File        : -1  PRODUCTION 1.30 05-15-2022
| Design State      : Synthesized
| Temperature Grade : E
--------------------------------------------------------------------------------------------------------------------------------------------------

Timing Summary Report

------------------------------------------------------------------------------------------------
| Timer Settings
| --------------
------------------------------------------------------------------------------------------------

  Enable Multi Corner Analysis               :  Yes
  Enable Pessimism Removal                   :  Yes
  Pessimism Removal Resolution               :  Nearest Common Node
  Enable Input Delay Default Clock           :  No
  Enable Preset / Clear Arcs                 :  No
  Disable Flight Delays                      :  No
  Ignore I/O Paths                           :  No
  Timing Early Launch at Borrowing Latches   :  No
  Borrow Time for Max Delay Exceptions       :  Yes
  Merge Timing Exceptions                    :  Yes
  Inter-SLR Compensation                     :  Conservative

  Corner  Analyze    Analyze    
  Name    Max Paths  Min Paths  
  ------  ---------  ---------  
  Slow    Yes        Yes        
  Fast    Yes        Yes        


------------------------------------------------------------------------------------------------
| Report Methodology
| ------------------
------------------------------------------------------------------------------------------------

No report available as report_methodology has not been run prior. Run report_methodology on the current design for the summary of methodology violations.



check_timing report

Table of Contents
-----------------
1. checking no_clock (8)
2. checking constant_clock (0)
3. checking pulse_width_clock (0)
4. checking unconstrained_internal_endpoints (0)
5. checking no_input_delay (0)
6. checking no_output_delay (0)
7. checking multiple_clock (0)
8. checking generated_clocks (0)
9. checking loops (0)
10. checking partial_input_delay (0)
11. checking partial_output_delay (0)
12. checking latch_loops (0)

1. checking no_clock (8)
------------------------
 There are 8 register/latch pins with no clock (HIGH)


2. checking constant_clock (0)
------------------------------
 There are 0 register/latch pins with constant_clock.


3. checking pulse_width_clock (0)
---------------------------------
 There are 0 register/latch pins which need pulse_width check


4. checking unconstrained_internal_endpoints (0)
------------------------------------------------
 There are 0 pins that are not constrained for maximum delay.

 There are 0 pins that are not constrained for maximum delay due to constant clock.


5. checking no_input_delay (0)
------------------------------
 There are 0 input ports with no input delay specified.

 There are 0 input ports with no input delay but user has a false path constraint.


6. checking no_output_delay (0)
-------------------------------
 There are 0 ports with no output delay specified.

 There are 0 ports with no output delay but user has a false path constraint

 There are 0 ports with no output delay but with a timing clock defined on it or propagating through it


7. checking multiple_clock (0)
------------------------------
 There are 0 register/latch pins with multiple clocks.


8. checking generated_clocks (0)
--------------------------------
 There are 0 generated clocks that are not connected to a clock source.


9. checking loops (0)
---------------------
 There are 0 combinational loops in the design.


10. checking partial_input_delay (0)
------------------------------------
 There are 0 input ports with partial input delay specified.


11. checking partial_output_delay (0)
-------------------------------------
 There are 0 ports with partial output delay specified.


12. checking latch_loops (0)
----------------------------
 There are 0 combinational latch loops in the design through latch input



------------------------------------------------------------------------------------------------
| Design Timing Summary
| ---------------------
------------------------------------------------------------------------------------------------

    WNS(ns)      TNS(ns)  TNS Failing Endpoints  TNS Total Endpoints      WHS(ns)      THS(ns)  THS Failing Endpoints  THS Total Endpoints     WPWS(ns)     TPWS(ns)  TPWS Failing Endpoints  TPWS Total Endpoints  
    -------      -------  ---------------------  -------------------      -------      -------  ---------------------  -------------------     --------     --------  ----------------------  --------------------  
      6.985        0.000                      0                40184       -0.110     -909.065                  18156                40184        3.500        0.000                       0                 13652  


Timing constraints are not met.


------------------------------------------------------------------------------------------------
| Clock Summary
| -------------
------------------------------------------------------------------------------------------------

Clock     Waveform(ns)       Period(ns)      Frequency(MHz)
-----     ------------       ----------      --------------
clk_pl_0  {0.000 5.000}      10.000          100.000         


------------------------------------------------------------------------------------------------
| Intra Clock Table
| -----------------
------------------------------------------------------------------------------------------------

Clock             WNS(ns)      TNS(ns)  TNS Failing Endpoints  TNS Total Endpoints      WHS(ns)      THS(ns)  THS Failing Endpoints  THS Total Endpoints     WPWS(ns)     TPWS(ns)  TPWS Failing Endpoints  TPWS Total Endpoints  
-----             -------      -------  ---------------------  -------------------      -------      -------  ---------------------  -------------------     --------     --------  ----------------------  --------------------  
clk_pl_0            6.985        0.000                      0                40184       -0.110     -909.065                  18156                40184        3.500        0.000                       0                 13652  


------------------------------------------------------------------------------------------------
| Inter Clock Table
| -----------------
------------------------------------------------------------------------------------------------

From Clock    To Clock          WNS(ns)      TNS(ns)  TNS Failing Endpoints  TNS Total Endpoints      WHS(ns)      THS(ns)  THS Failing Endpoints  THS Total Endpoints  
----------    --------          -------      -------  ---------------------  -------------------      -------      -------  ---------------------  -------------------  


------------------------------------------------------------------------------------------------
| Other Path Groups Table
| -----------------------
------------------------------------------------------------------------------------------------

Path Group    From Clock    To Clock          WNS(ns)      TNS(ns)  TNS Failing Endpoints  TNS Total Endpoints      WHS(ns)      THS(ns)  THS Failing Endpoints  THS Total Endpoints  
----------    ----------    --------          -------      -------  ---------------------  -------------------      -------      -------  ---------------------  -------------------  


------------------------------------------------------------------------------------------------
| Timing Details
| --------------
------------------------------------------------------------------------------------------------


---------------------------------------------------------------------------------------------------
From Clock:  clk_pl_0
  To Clock:  clk_pl_0

Setup :            0  Failing Endpoints,  Worst Slack        6.985ns,  Total Violation        0.000ns
Hold  :        18156  Failing Endpoints,  Worst Slack       -0.110ns,  Total Violation     -909.065ns
PW    :            0  Failing Endpoints,  Worst Slack        3.500ns,  Total Violation        0.000ns
---------------------------------------------------------------------------------------------------


Max Delay Paths
--------------------------------------------------------------------------------------
Slack (MET) :             6.985ns  (required time - arrival time)
  Source:                 u96v4bd_i/sc_ctrl/inst/s00_entry_pipeline/s00_mmu/inst/aw_reg_stall/m_vector_i_reg[1130]/C
                            (rising edge-triggered cell FDRE clocked by clk_pl_0  {rise@0.000ns fall@5.000ns period=10.000ns})
  Destination:            u96v4bd_i/sc_ctrl/inst/s00_entry_pipeline/s00_si_converter/inst/gen_axilite_conv.axilite_conv_inst/aw_addr_reg[0]/D
                            (rising edge-triggered cell FDRE clocked by clk_pl_0  {rise@0.000ns fall@5.000ns period=10.000ns})
  Path Group:             clk_pl_0
  Path Type:              Setup (Max at Slow Process Corner)
  Requirement:            10.000ns  (clk_pl_0 rise@10.000ns - clk_pl_0 rise@0.000ns)
  Data Path Delay:        2.721ns  (logic 0.872ns (32.047%)  route 1.849ns (67.953%))
  Logic Levels:           10  (CARRY8=2 LUT4=2 LUT5=2 LUT6=4)
  Clock Path Skew:        -0.145ns (DCD - SCD + CPR)
    Destination Clock Delay (DCD):    2.606ns = ( 12.606 - 10.000 ) 
    Source Clock Delay      (SCD):    2.791ns
    Clock Pessimism Removal (CPR):    0.040ns
  Clock Uncertainty:      0.176ns  ((TSJ^2 + DJ^2)^1/2) / 2 + PE
    Total System Jitter     (TSJ):    0.071ns
    Discrete Jitter          (DJ):    0.344ns
    Phase Error              (PE):    0.000ns

    Location             Delay type                Incr(ns)  Path(ns)    Netlist Resource(s)
  -------------------------------------------------------------------    -------------------
                         (clock clk_pl_0 rise edge)
                                                      0.000     0.000 r  
                         PS8                          0.000     0.000 r  u96v4bd_i/ps/inst/PS8_i/PLCLK[0]
                         net (fo=1, unplaced)         0.178     0.178    u96v4bd_i/ps/inst/pl_clk_unbuffered[0]
                         BUFG_PS (Prop_BUFG_PS_I_O)
                                                      0.029     0.207 r  u96v4bd_i/ps/inst/buffer_pl_clk_0.PL_CLK_0_BUFG/O
                         net (fo=13875, unplaced)     2.584     2.791    u96v4bd_i/sc_ctrl/inst/s00_entry_pipeline/s00_mmu/inst/aw_reg_stall/aclk
                         FDRE                                         r  u96v4bd_i/sc_ctrl/inst/s00_entry_pipeline/s00_mmu/inst/aw_reg_stall/m_vector_i_reg[1130]/C
  -------------------------------------------------------------------    -------------------
                         FDRE (Prop_FDRE_C_Q)         0.093     2.884 r  u96v4bd_i/sc_ctrl/inst/s00_entry_pipeline/s00_mmu/inst/aw_reg_stall/m_vector_i_reg[1130]/Q
                         net (fo=9, unplaced)         0.208     3.092    u96v4bd_i/sc_ctrl/inst/s00_entry_pipeline/s00_si_converter/inst/gen_axilite_conv.axilite_conv_inst/s_axi_awlen[5]
                         LUT6 (Prop_LUT6_I0_O)        0.179     3.271 r  u96v4bd_i/sc_ctrl/inst/s00_entry_pipeline/s00_si_converter/inst/gen_axilite_conv.axilite_conv_inst/wrap_awaddr_limit_carry__0_i_16/O
                         net (fo=4, unplaced)         0.226     3.497    u96v4bd_i/sc_ctrl/inst/s00_entry_pipeline/s00_si_converter/inst/gen_axilite_conv.axilite_conv_inst/wrap_awaddr_limit_carry__0_i_16_n_0
                         LUT4 (Prop_LUT4_I2_O)        0.085     3.582 r  u96v4bd_i/sc_ctrl/inst/s00_entry_pipeline/s00_si_converter/inst/gen_axilite_conv.axilite_conv_inst/wrap_awaddr_limit_carry__0_i_13/O
                         net (fo=2, unplaced)         0.214     3.796    u96v4bd_i/sc_ctrl/inst/s00_entry_pipeline/s00_si_converter/inst/gen_axilite_conv.axilite_conv_inst/wrap_awaddr_limit_carry__0_i_13_n_0
                         LUT6 (Prop_LUT6_I5_O)        0.040     3.836 r  u96v4bd_i/sc_ctrl/inst/s00_entry_pipeline/s00_si_converter/inst/gen_axilite_conv.axilite_conv_inst/wrap_awaddr_limit_carry_i_23/O
                         net (fo=2, unplaced)         0.214     4.050    u96v4bd_i/sc_ctrl/inst/s00_entry_pipeline/s00_si_converter/inst/gen_axilite_conv.axilite_conv_inst/wrap_awaddr_limit_carry_i_23_n_0
                         LUT4 (Prop_LUT4_I1_O)        0.041     4.091 r  u96v4bd_i/sc_ctrl/inst/s00_entry_pipeline/s00_si_converter/inst/gen_axilite_conv.axilite_conv_inst/wrap_awaddr_limit_carry_i_9/O
                         net (fo=1, unplaced)         0.024     4.115    u96v4bd_i/sc_ctrl/inst/s00_entry_pipeline/s00_si_converter/inst/gen_axilite_conv.axilite_conv_inst/wrap_awaddr_limit_carry_i_9_n_0
                         CARRY8 (Prop_CARRY8_S[7]_CO[7])
                                                      0.157     4.272 r  u96v4bd_i/sc_ctrl/inst/s00_entry_pipeline/s00_si_converter/inst/gen_axilite_conv.axilite_conv_inst/wrap_awaddr_limit_carry/CO[7]
                         net (fo=1, unplaced)         0.007     4.279    u96v4bd_i/sc_ctrl/inst/s00_entry_pipeline/s00_si_converter/inst/gen_axilite_conv.axilite_conv_inst/wrap_awaddr_limit_carry_n_0
                         CARRY8 (Prop_CARRY8_CI_O[0])
                                                      0.072     4.351 r  u96v4bd_i/sc_ctrl/inst/s00_entry_pipeline/s00_si_converter/inst/gen_axilite_conv.axilite_conv_inst/wrap_awaddr_limit_carry__0/O[0]
                         net (fo=1, unplaced)         0.214     4.565    u96v4bd_i/sc_ctrl/inst/s00_entry_pipeline/s00_si_converter/inst/gen_axilite_conv.axilite_conv_inst/wrap_awaddr_limit[8]
                         LUT5 (Prop_LUT5_I0_O)        0.085     4.650 r  u96v4bd_i/sc_ctrl/inst/s00_entry_pipeline/s00_si_converter/inst/gen_axilite_conv.axilite_conv_inst/aw_addr[9]_i_17/O
                         net (fo=2, unplaced)         0.214     4.864    u96v4bd_i/sc_ctrl/inst/s00_entry_pipeline/s00_si_converter/inst/gen_axilite_conv.axilite_conv_inst/aw_addr[9]_i_17_n_0
                         LUT6 (Prop_LUT6_I2_O)        0.040     4.904 r  u96v4bd_i/sc_ctrl/inst/s00_entry_pipeline/s00_si_converter/inst/gen_axilite_conv.axilite_conv_inst/aw_addr[9]_i_14/O
                         net (fo=1, unplaced)         0.214     5.118    u96v4bd_i/sc_ctrl/inst/s00_entry_pipeline/s00_si_converter/inst/gen_axilite_conv.axilite_conv_inst/aw_addr[9]_i_14_n_0
                         LUT5 (Prop_LUT5_I4_O)        0.040     5.158 r  u96v4bd_i/sc_ctrl/inst/s00_entry_pipeline/s00_si_converter/inst/gen_axilite_conv.axilite_conv_inst/aw_addr[9]_i_7/O
                         net (fo=15, unplaced)        0.256     5.414    u96v4bd_i/sc_ctrl/inst/s00_entry_pipeline/s00_si_converter/inst/gen_axilite_conv.axilite_conv_inst/aw_addr[9]_i_7_n_0
                         LUT6 (Prop_LUT6_I5_O)        0.040     5.454 r  u96v4bd_i/sc_ctrl/inst/s00_entry_pipeline/s00_si_converter/inst/gen_axilite_conv.axilite_conv_inst/aw_addr[0]_i_1/O
                         net (fo=1, unplaced)         0.058     5.512    u96v4bd_i/sc_ctrl/inst/s00_entry_pipeline/s00_si_converter/inst/gen_axilite_conv.axilite_conv_inst/aw_addr[0]
                         FDRE                                         r  u96v4bd_i/sc_ctrl/inst/s00_entry_pipeline/s00_si_converter/inst/gen_axilite_conv.axilite_conv_inst/aw_addr_reg[0]/D
  -------------------------------------------------------------------    -------------------

                         (clock clk_pl_0 rise edge)
                                                     10.000    10.000 r  
                         PS8                          0.000    10.000 r  u96v4bd_i/ps/inst/PS8_i/PLCLK[0]
                         net (fo=1, unplaced)         0.140    10.140    u96v4bd_i/ps/inst/pl_clk_unbuffered[0]
                         BUFG_PS (Prop_BUFG_PS_I_O)
                                                      0.027    10.167 r  u96v4bd_i/ps/inst/buffer_pl_clk_0.PL_CLK_0_BUFG/O
                         net (fo=13875, unplaced)     2.439    12.606    u96v4bd_i/sc_ctrl/inst/s00_entry_pipeline/s00_si_converter/inst/gen_axilite_conv.axilite_conv_inst/aclk
                         FDRE                                         r  u96v4bd_i/sc_ctrl/inst/s00_entry_pipeline/s00_si_converter/inst/gen_axilite_conv.axilite_conv_inst/aw_addr_reg[0]/C
                         clock pessimism              0.040    12.646    
                         clock uncertainty           -0.176    12.470    
                         FDRE (Setup_FDRE_C_D)        0.027    12.497    u96v4bd_i/sc_ctrl/inst/s00_entry_pipeline/s00_si_converter/inst/gen_axilite_conv.axilite_conv_inst/aw_addr_reg[0]
  -------------------------------------------------------------------
                         required time                         12.497    
                         arrival time                          -5.512    
  -------------------------------------------------------------------
                         slack                                  6.985    





Min Delay Paths
--------------------------------------------------------------------------------------
Slack (VIOLATED) :        -0.110ns  (arrival time - required time)
  Source:                 u96v4bd_i/sc_hp/inst/m00_nodes/m00_b_node/inst/inst_mi_handler/gen_normal_area.gen_fifo_req.inst_fifo_req/gen_xpm_memory_fifo.inst_fifo/gen_mem_rep[0].inst_wr_addra/count_r_reg[3]/C
                            (rising edge-triggered cell FDRE clocked by clk_pl_0  {rise@0.000ns fall@5.000ns period=10.000ns})
  Destination:            u96v4bd_i/sc_hp/inst/m00_nodes/m00_b_node/inst/inst_mi_handler/gen_normal_area.gen_fifo_req.inst_fifo_req/gen_xpm_memory_fifo.inst_fifo/gen_mem_rep[0].inst_xpm_memory/xpm_memory_base_inst/gen_wr_a.gen_word_narrow.mem_reg_0_31_0_13/DP/WADR3
                            (rising edge-triggered cell RAMD32 clocked by clk_pl_0  {rise@0.000ns fall@5.000ns period=10.000ns})
  Path Group:             clk_pl_0
  Path Type:              Hold (Min at Fast Process Corner)
  Requirement:            0.000ns  (clk_pl_0 rise@0.000ns - clk_pl_0 rise@0.000ns)
  Data Path Delay:        0.097ns  (logic 0.038ns (39.175%)  route 0.059ns (60.825%))
  Logic Levels:           0  
  Clock Path Skew:        0.145ns (DCD - SCD - CPR)
    Destination Clock Delay (DCD):    1.397ns
    Source Clock Delay      (SCD):    1.225ns
    Clock Pessimism Removal (CPR):    0.027ns

    Location             Delay type                Incr(ns)  Path(ns)    Netlist Resource(s)
  -------------------------------------------------------------------    -------------------
                         (clock clk_pl_0 rise edge)
                                                      0.000     0.000 r  
                         PS8                          0.000     0.000 r  u96v4bd_i/ps/inst/PS8_i/PLCLK[0]
                         net (fo=1, unplaced)         0.094     0.094    u96v4bd_i/ps/inst/pl_clk_unbuffered[0]
                         BUFG_PS (Prop_BUFG_PS_I_O)
                                                      0.017     0.111 r  u96v4bd_i/ps/inst/buffer_pl_clk_0.PL_CLK_0_BUFG/O
                         net (fo=13875, unplaced)     1.114     1.225    u96v4bd_i/sc_hp/inst/m00_nodes/m00_b_node/inst/inst_mi_handler/gen_normal_area.gen_fifo_req.inst_fifo_req/gen_xpm_memory_fifo.inst_fifo/gen_mem_rep[0].inst_wr_addra/s_sc_aclk
                         FDRE                                         r  u96v4bd_i/sc_hp/inst/m00_nodes/m00_b_node/inst/inst_mi_handler/gen_normal_area.gen_fifo_req.inst_fifo_req/gen_xpm_memory_fifo.inst_fifo/gen_mem_rep[0].inst_wr_addra/count_r_reg[3]/C
  -------------------------------------------------------------------    -------------------
                         FDRE (Prop_FDRE_C_Q)         0.038     1.263 r  u96v4bd_i/sc_hp/inst/m00_nodes/m00_b_node/inst/inst_mi_handler/gen_normal_area.gen_fifo_req.inst_fifo_req/gen_xpm_memory_fifo.inst_fifo/gen_mem_rep[0].inst_wr_addra/count_r_reg[3]/Q
                         net (fo=8, unplaced)         0.059     1.322    u96v4bd_i/sc_hp/inst/m00_nodes/m00_b_node/inst/inst_mi_handler/gen_normal_area.gen_fifo_req.inst_fifo_req/gen_xpm_memory_fifo.inst_fifo/gen_mem_rep[0].inst_xpm_memory/xpm_memory_base_inst/gen_wr_a.gen_word_narrow.mem_reg_0_31_0_13/A3
                         RAMD32                                       r  u96v4bd_i/sc_hp/inst/m00_nodes/m00_b_node/inst/inst_mi_handler/gen_normal_area.gen_fifo_req.inst_fifo_req/gen_xpm_memory_fifo.inst_fifo/gen_mem_rep[0].inst_xpm_memory/xpm_memory_base_inst/gen_wr_a.gen_word_narrow.mem_reg_0_31_0_13/DP/WADR3
  -------------------------------------------------------------------    -------------------

                         (clock clk_pl_0 rise edge)
                                                      0.000     0.000 r  
                         PS8                          0.000     0.000 r  u96v4bd_i/ps/inst/PS8_i/PLCLK[0]
                         net (fo=1, unplaced)         0.120     0.120    u96v4bd_i/ps/inst/pl_clk_unbuffered[0]
                         BUFG_PS (Prop_BUFG_PS_I_O)
                                                      0.018     0.138 r  u96v4bd_i/ps/inst/buffer_pl_clk_0.PL_CLK_0_BUFG/O
                         net (fo=13875, unplaced)     1.259     1.397    u96v4bd_i/sc_hp/inst/m00_nodes/m00_b_node/inst/inst_mi_handler/gen_normal_area.gen_fifo_req.inst_fifo_req/gen_xpm_memory_fifo.inst_fifo/gen_mem_rep[0].inst_xpm_memory/xpm_memory_base_inst/gen_wr_a.gen_word_narrow.mem_reg_0_31_0_13/WCLK
                         RAMD32                                       r  u96v4bd_i/sc_hp/inst/m00_nodes/m00_b_node/inst/inst_mi_handler/gen_normal_area.gen_fifo_req.inst_fifo_req/gen_xpm_memory_fifo.inst_fifo/gen_mem_rep[0].inst_xpm_memory/xpm_memory_base_inst/gen_wr_a.gen_word_narrow.mem_reg_0_31_0_13/DP/CLK
                         clock pessimism             -0.027     1.370    
                         RAMD32 (Hold_RAMD32_CLK_WADR3)
                                                      0.062     1.432    u96v4bd_i/sc_hp/inst/m00_nodes/m00_b_node/inst/inst_mi_handler/gen_normal_area.gen_fifo_req.inst_fifo_req/gen_xpm_memory_fifo.inst_fifo/gen_mem_rep[0].inst_xpm_memory/xpm_memory_base_inst/gen_wr_a.gen_word_narrow.mem_reg_0_31_0_13/DP
  -------------------------------------------------------------------
                         required time                         -1.432    
                         arrival time                           1.322    
  -------------------------------------------------------------------
                         slack                                 -0.110    





Pulse Width Checks
--------------------------------------------------------------------------------------
Clock Name:         clk_pl_0
Waveform(ns):       { 0.000 5.000 }
Period(ns):         10.000
Sources:            { u96v4bd_i/ps/inst/PS8_i/PLCLK[0] }

Check Type        Corner  Lib Pin          Reference Pin  Required(ns)  Actual(ns)  Slack(ns)  Location  Pin
Min Period        n/a     PS8/MAXIGP0ACLK  n/a            3.000         10.000      7.000                u96v4bd_i/ps/inst/PS8_i/MAXIGP0ACLK
Low Pulse Width   Slow    PS8/MAXIGP0ACLK  n/a            1.500         5.000       3.500                u96v4bd_i/ps/inst/PS8_i/MAXIGP0ACLK
High Pulse Width  Slow    PS8/MAXIGP0ACLK  n/a            1.500         5.000       3.500                u96v4bd_i/ps/inst/PS8_i/MAXIGP0ACLK



