Copyright 1986-2022 Xilinx, Inc. All Rights Reserved. Copyright 2022-2025 Advanced Micro Devices, Inc. All Rights Reserved.
---------------------------------------------------------------------------------------------------------------------------------------------
| Tool Version : Vivado v.2025.2 (win64) Build 6299465 Fri Nov 14 19:35:11 GMT 2025
| Date         : Fri Jul 10 17:09:00 2026
| Host         : DESKTOP-B6PV349 running 64-bit major release  (build 9200)
| Command      : report_drc -file D:/ZB_AI_Vision/vivado/u96_dma_vec4_drc.rpt
| Design       : u96v4bd_wrapper
| Device       : xczu3eg-sbva484-1-e
| Speed File   : -1
| Design State : Fully Routed
---------------------------------------------------------------------------------------------------------------------------------------------

Report DRC

Table of Contents
-----------------
1. REPORT SUMMARY
2. REPORT DETAILS

1. REPORT SUMMARY
-----------------
            Netlist: netlist
          Floorplan: impl_1
      Design limits: <entire design considered>
           Ruledeck: default
             Max checks: <unlimited>
             Checks found: 91
+-----------+----------+--------------------------------------+--------+
| Rule      | Severity | Description                          | Checks |
+-----------+----------+--------------------------------------+--------+
| DPIP-2    | Warning  | Input pipelining                     | 43     |
| DPOP-4    | Warning  | MREG Output pipelining               | 45     |
| REQP-1935 | Warning  | RAMB36E2_nochange_collision_advisory | 2      |
| RTSTAT-10 | Warning  | No routable loads                    | 1      |
+-----------+----------+--------------------------------------+--------+

2. REPORT DETAILS
-----------------
DPIP-2#1 Warning
Input pipelining  
DSP u96v4bd_i/pre/inst/conv_path/p1_prod00_r_reg input u96v4bd_i/pre/inst/conv_path/p1_prod00_r_reg/B[17:0] is not pipelined. Pipelining DSP48 input will improve performance.
Related violations: <none>

DPIP-2#2 Warning
Input pipelining  
DSP u96v4bd_i/pre/inst/conv_path/p1_prod01_r_reg input u96v4bd_i/pre/inst/conv_path/p1_prod01_r_reg/B[17:0] is not pipelined. Pipelining DSP48 input will improve performance.
Related violations: <none>

DPIP-2#3 Warning
Input pipelining  
DSP u96v4bd_i/pre/inst/conv_path/p1_prod10_r_reg input u96v4bd_i/pre/inst/conv_path/p1_prod10_r_reg/B[17:0] is not pipelined. Pipelining DSP48 input will improve performance.
Related violations: <none>

DPIP-2#4 Warning
Input pipelining  
DSP u96v4bd_i/pre/inst/conv_path/p1_prod11_r_reg input u96v4bd_i/pre/inst/conv_path/p1_prod11_r_reg/B[17:0] is not pipelined. Pipelining DSP48 input will improve performance.
Related violations: <none>

DPIP-2#5 Warning
Input pipelining  
DSP u96v4bd_i/pre/inst/conv_path/p1_prod12_r_reg input u96v4bd_i/pre/inst/conv_path/p1_prod12_r_reg/B[17:0] is not pipelined. Pipelining DSP48 input will improve performance.
Related violations: <none>

DPIP-2#6 Warning
Input pipelining  
DSP u96v4bd_i/pre/inst/conv_path/p1_prod21_r_reg input u96v4bd_i/pre/inst/conv_path/p1_prod21_r_reg/B[17:0] is not pipelined. Pipelining DSP48 input will improve performance.
Related violations: <none>

DPIP-2#7 Warning
Input pipelining  
DSP u96v4bd_i/pre/inst/conv_path/p1_prod22_r_reg input u96v4bd_i/pre/inst/conv_path/p1_prod22_r_reg/B[17:0] is not pipelined. Pipelining DSP48 input will improve performance.
Related violations: <none>

DPIP-2#8 Warning
Input pipelining  
DSP u96v4bd_i/pre/inst/vector_path/p1_product_r_reg[0][0] input u96v4bd_i/pre/inst/vector_path/p1_product_r_reg[0][0]/B[17:0] is not pipelined. Pipelining DSP48 input will improve performance.
Related violations: <none>

DPIP-2#9 Warning
Input pipelining  
DSP u96v4bd_i/pre/inst/vector_path/p1_product_r_reg[0][1] input u96v4bd_i/pre/inst/vector_path/p1_product_r_reg[0][1]/B[17:0] is not pipelined. Pipelining DSP48 input will improve performance.
Related violations: <none>

DPIP-2#10 Warning
Input pipelining  
DSP u96v4bd_i/pre/inst/vector_path/p1_product_r_reg[0][2] input u96v4bd_i/pre/inst/vector_path/p1_product_r_reg[0][2]/B[17:0] is not pipelined. Pipelining DSP48 input will improve performance.
Related violations: <none>

DPIP-2#11 Warning
Input pipelining  
DSP u96v4bd_i/pre/inst/vector_path/p1_product_r_reg[0][3] input u96v4bd_i/pre/inst/vector_path/p1_product_r_reg[0][3]/B[17:0] is not pipelined. Pipelining DSP48 input will improve performance.
Related violations: <none>

DPIP-2#12 Warning
Input pipelining  
DSP u96v4bd_i/pre/inst/vector_path/p1_product_r_reg[0][4] input u96v4bd_i/pre/inst/vector_path/p1_product_r_reg[0][4]/B[17:0] is not pipelined. Pipelining DSP48 input will improve performance.
Related violations: <none>

DPIP-2#13 Warning
Input pipelining  
DSP u96v4bd_i/pre/inst/vector_path/p1_product_r_reg[0][5] input u96v4bd_i/pre/inst/vector_path/p1_product_r_reg[0][5]/B[17:0] is not pipelined. Pipelining DSP48 input will improve performance.
Related violations: <none>

DPIP-2#14 Warning
Input pipelining  
DSP u96v4bd_i/pre/inst/vector_path/p1_product_r_reg[0][6] input u96v4bd_i/pre/inst/vector_path/p1_product_r_reg[0][6]/B[17:0] is not pipelined. Pipelining DSP48 input will improve performance.
Related violations: <none>

DPIP-2#15 Warning
Input pipelining  
DSP u96v4bd_i/pre/inst/vector_path/p1_product_r_reg[0][7] input u96v4bd_i/pre/inst/vector_path/p1_product_r_reg[0][7]/B[17:0] is not pipelined. Pipelining DSP48 input will improve performance.
Related violations: <none>

DPIP-2#16 Warning
Input pipelining  
DSP u96v4bd_i/pre/inst/vector_path/p1_product_r_reg[0][8] input u96v4bd_i/pre/inst/vector_path/p1_product_r_reg[0][8]/B[17:0] is not pipelined. Pipelining DSP48 input will improve performance.
Related violations: <none>

DPIP-2#17 Warning
Input pipelining  
DSP u96v4bd_i/pre/inst/vector_path/p1_product_r_reg[1][0] input u96v4bd_i/pre/inst/vector_path/p1_product_r_reg[1][0]/B[17:0] is not pipelined. Pipelining DSP48 input will improve performance.
Related violations: <none>

DPIP-2#18 Warning
Input pipelining  
DSP u96v4bd_i/pre/inst/vector_path/p1_product_r_reg[1][1] input u96v4bd_i/pre/inst/vector_path/p1_product_r_reg[1][1]/B[17:0] is not pipelined. Pipelining DSP48 input will improve performance.
Related violations: <none>

DPIP-2#19 Warning
Input pipelining  
DSP u96v4bd_i/pre/inst/vector_path/p1_product_r_reg[1][2] input u96v4bd_i/pre/inst/vector_path/p1_product_r_reg[1][2]/B[17:0] is not pipelined. Pipelining DSP48 input will improve performance.
Related violations: <none>

DPIP-2#20 Warning
Input pipelining  
DSP u96v4bd_i/pre/inst/vector_path/p1_product_r_reg[1][3] input u96v4bd_i/pre/inst/vector_path/p1_product_r_reg[1][3]/B[17:0] is not pipelined. Pipelining DSP48 input will improve performance.
Related violations: <none>

DPIP-2#21 Warning
Input pipelining  
DSP u96v4bd_i/pre/inst/vector_path/p1_product_r_reg[1][4] input u96v4bd_i/pre/inst/vector_path/p1_product_r_reg[1][4]/B[17:0] is not pipelined. Pipelining DSP48 input will improve performance.
Related violations: <none>

DPIP-2#22 Warning
Input pipelining  
DSP u96v4bd_i/pre/inst/vector_path/p1_product_r_reg[1][5] input u96v4bd_i/pre/inst/vector_path/p1_product_r_reg[1][5]/B[17:0] is not pipelined. Pipelining DSP48 input will improve performance.
Related violations: <none>

DPIP-2#23 Warning
Input pipelining  
DSP u96v4bd_i/pre/inst/vector_path/p1_product_r_reg[1][6] input u96v4bd_i/pre/inst/vector_path/p1_product_r_reg[1][6]/B[17:0] is not pipelined. Pipelining DSP48 input will improve performance.
Related violations: <none>

DPIP-2#24 Warning
Input pipelining  
DSP u96v4bd_i/pre/inst/vector_path/p1_product_r_reg[1][7] input u96v4bd_i/pre/inst/vector_path/p1_product_r_reg[1][7]/B[17:0] is not pipelined. Pipelining DSP48 input will improve performance.
Related violations: <none>

DPIP-2#25 Warning
Input pipelining  
DSP u96v4bd_i/pre/inst/vector_path/p1_product_r_reg[1][8] input u96v4bd_i/pre/inst/vector_path/p1_product_r_reg[1][8]/B[17:0] is not pipelined. Pipelining DSP48 input will improve performance.
Related violations: <none>

DPIP-2#26 Warning
Input pipelining  
DSP u96v4bd_i/pre/inst/vector_path/p1_product_r_reg[2][0] input u96v4bd_i/pre/inst/vector_path/p1_product_r_reg[2][0]/B[17:0] is not pipelined. Pipelining DSP48 input will improve performance.
Related violations: <none>

DPIP-2#27 Warning
Input pipelining  
DSP u96v4bd_i/pre/inst/vector_path/p1_product_r_reg[2][1] input u96v4bd_i/pre/inst/vector_path/p1_product_r_reg[2][1]/B[17:0] is not pipelined. Pipelining DSP48 input will improve performance.
Related violations: <none>

DPIP-2#28 Warning
Input pipelining  
DSP u96v4bd_i/pre/inst/vector_path/p1_product_r_reg[2][2] input u96v4bd_i/pre/inst/vector_path/p1_product_r_reg[2][2]/B[17:0] is not pipelined. Pipelining DSP48 input will improve performance.
Related violations: <none>

DPIP-2#29 Warning
Input pipelining  
DSP u96v4bd_i/pre/inst/vector_path/p1_product_r_reg[2][3] input u96v4bd_i/pre/inst/vector_path/p1_product_r_reg[2][3]/B[17:0] is not pipelined. Pipelining DSP48 input will improve performance.
Related violations: <none>

DPIP-2#30 Warning
Input pipelining  
DSP u96v4bd_i/pre/inst/vector_path/p1_product_r_reg[2][4] input u96v4bd_i/pre/inst/vector_path/p1_product_r_reg[2][4]/B[17:0] is not pipelined. Pipelining DSP48 input will improve performance.
Related violations: <none>

DPIP-2#31 Warning
Input pipelining  
DSP u96v4bd_i/pre/inst/vector_path/p1_product_r_reg[2][5] input u96v4bd_i/pre/inst/vector_path/p1_product_r_reg[2][5]/B[17:0] is not pipelined. Pipelining DSP48 input will improve performance.
Related violations: <none>

DPIP-2#32 Warning
Input pipelining  
DSP u96v4bd_i/pre/inst/vector_path/p1_product_r_reg[2][6] input u96v4bd_i/pre/inst/vector_path/p1_product_r_reg[2][6]/B[17:0] is not pipelined. Pipelining DSP48 input will improve performance.
Related violations: <none>

DPIP-2#33 Warning
Input pipelining  
DSP u96v4bd_i/pre/inst/vector_path/p1_product_r_reg[2][7] input u96v4bd_i/pre/inst/vector_path/p1_product_r_reg[2][7]/B[17:0] is not pipelined. Pipelining DSP48 input will improve performance.
Related violations: <none>

DPIP-2#34 Warning
Input pipelining  
DSP u96v4bd_i/pre/inst/vector_path/p1_product_r_reg[2][8] input u96v4bd_i/pre/inst/vector_path/p1_product_r_reg[2][8]/B[17:0] is not pipelined. Pipelining DSP48 input will improve performance.
Related violations: <none>

DPIP-2#35 Warning
Input pipelining  
DSP u96v4bd_i/pre/inst/vector_path/p1_product_r_reg[3][0] input u96v4bd_i/pre/inst/vector_path/p1_product_r_reg[3][0]/B[17:0] is not pipelined. Pipelining DSP48 input will improve performance.
Related violations: <none>

DPIP-2#36 Warning
Input pipelining  
DSP u96v4bd_i/pre/inst/vector_path/p1_product_r_reg[3][1] input u96v4bd_i/pre/inst/vector_path/p1_product_r_reg[3][1]/B[17:0] is not pipelined. Pipelining DSP48 input will improve performance.
Related violations: <none>

DPIP-2#37 Warning
Input pipelining  
DSP u96v4bd_i/pre/inst/vector_path/p1_product_r_reg[3][2] input u96v4bd_i/pre/inst/vector_path/p1_product_r_reg[3][2]/B[17:0] is not pipelined. Pipelining DSP48 input will improve performance.
Related violations: <none>

DPIP-2#38 Warning
Input pipelining  
DSP u96v4bd_i/pre/inst/vector_path/p1_product_r_reg[3][3] input u96v4bd_i/pre/inst/vector_path/p1_product_r_reg[3][3]/B[17:0] is not pipelined. Pipelining DSP48 input will improve performance.
Related violations: <none>

DPIP-2#39 Warning
Input pipelining  
DSP u96v4bd_i/pre/inst/vector_path/p1_product_r_reg[3][4] input u96v4bd_i/pre/inst/vector_path/p1_product_r_reg[3][4]/B[17:0] is not pipelined. Pipelining DSP48 input will improve performance.
Related violations: <none>

DPIP-2#40 Warning
Input pipelining  
DSP u96v4bd_i/pre/inst/vector_path/p1_product_r_reg[3][5] input u96v4bd_i/pre/inst/vector_path/p1_product_r_reg[3][5]/B[17:0] is not pipelined. Pipelining DSP48 input will improve performance.
Related violations: <none>

DPIP-2#41 Warning
Input pipelining  
DSP u96v4bd_i/pre/inst/vector_path/p1_product_r_reg[3][6] input u96v4bd_i/pre/inst/vector_path/p1_product_r_reg[3][6]/B[17:0] is not pipelined. Pipelining DSP48 input will improve performance.
Related violations: <none>

DPIP-2#42 Warning
Input pipelining  
DSP u96v4bd_i/pre/inst/vector_path/p1_product_r_reg[3][7] input u96v4bd_i/pre/inst/vector_path/p1_product_r_reg[3][7]/B[17:0] is not pipelined. Pipelining DSP48 input will improve performance.
Related violations: <none>

DPIP-2#43 Warning
Input pipelining  
DSP u96v4bd_i/pre/inst/vector_path/p1_product_r_reg[3][8] input u96v4bd_i/pre/inst/vector_path/p1_product_r_reg[3][8]/B[17:0] is not pipelined. Pipelining DSP48 input will improve performance.
Related violations: <none>

DPOP-4#1 Warning
MREG Output pipelining  
DSP u96v4bd_i/pre/inst/conv_path/p1_prod00_r_reg multiplier stage u96v4bd_i/pre/inst/conv_path/p1_prod00_r_reg/P[47:0] is not pipelined (MREG=0). Pipelining the multiplier function will improve performance and will save significant power so it is suggested whenever possible to fully pipeline this function.  If this multiplier was inferred, it is suggested to describe an additional register stage after this function.  If there is no registered adder/accumulator following the multiply function, two pipeline stages are suggested to allow both the MREG and PREG registers to be used.  If the DSP48 was instantiated in the design, it is suggested to set both the MREG and PREG attributes to 1 when performing multiply functions.
Related violations: <none>

DPOP-4#2 Warning
MREG Output pipelining  
DSP u96v4bd_i/pre/inst/conv_path/p1_prod01_r_reg multiplier stage u96v4bd_i/pre/inst/conv_path/p1_prod01_r_reg/P[47:0] is not pipelined (MREG=0). Pipelining the multiplier function will improve performance and will save significant power so it is suggested whenever possible to fully pipeline this function.  If this multiplier was inferred, it is suggested to describe an additional register stage after this function.  If there is no registered adder/accumulator following the multiply function, two pipeline stages are suggested to allow both the MREG and PREG registers to be used.  If the DSP48 was instantiated in the design, it is suggested to set both the MREG and PREG attributes to 1 when performing multiply functions.
Related violations: <none>

DPOP-4#3 Warning
MREG Output pipelining  
DSP u96v4bd_i/pre/inst/conv_path/p1_prod02_r_reg multiplier stage u96v4bd_i/pre/inst/conv_path/p1_prod02_r_reg/P[47:0] is not pipelined (MREG=0). Pipelining the multiplier function will improve performance and will save significant power so it is suggested whenever possible to fully pipeline this function.  If this multiplier was inferred, it is suggested to describe an additional register stage after this function.  If there is no registered adder/accumulator following the multiply function, two pipeline stages are suggested to allow both the MREG and PREG registers to be used.  If the DSP48 was instantiated in the design, it is suggested to set both the MREG and PREG attributes to 1 when performing multiply functions.
Related violations: <none>

DPOP-4#4 Warning
MREG Output pipelining  
DSP u96v4bd_i/pre/inst/conv_path/p1_prod10_r_reg multiplier stage u96v4bd_i/pre/inst/conv_path/p1_prod10_r_reg/P[47:0] is not pipelined (MREG=0). Pipelining the multiplier function will improve performance and will save significant power so it is suggested whenever possible to fully pipeline this function.  If this multiplier was inferred, it is suggested to describe an additional register stage after this function.  If there is no registered adder/accumulator following the multiply function, two pipeline stages are suggested to allow both the MREG and PREG registers to be used.  If the DSP48 was instantiated in the design, it is suggested to set both the MREG and PREG attributes to 1 when performing multiply functions.
Related violations: <none>

DPOP-4#5 Warning
MREG Output pipelining  
DSP u96v4bd_i/pre/inst/conv_path/p1_prod11_r_reg multiplier stage u96v4bd_i/pre/inst/conv_path/p1_prod11_r_reg/P[47:0] is not pipelined (MREG=0). Pipelining the multiplier function will improve performance and will save significant power so it is suggested whenever possible to fully pipeline this function.  If this multiplier was inferred, it is suggested to describe an additional register stage after this function.  If there is no registered adder/accumulator following the multiply function, two pipeline stages are suggested to allow both the MREG and PREG registers to be used.  If the DSP48 was instantiated in the design, it is suggested to set both the MREG and PREG attributes to 1 when performing multiply functions.
Related violations: <none>

DPOP-4#6 Warning
MREG Output pipelining  
DSP u96v4bd_i/pre/inst/conv_path/p1_prod12_r_reg multiplier stage u96v4bd_i/pre/inst/conv_path/p1_prod12_r_reg/P[47:0] is not pipelined (MREG=0). Pipelining the multiplier function will improve performance and will save significant power so it is suggested whenever possible to fully pipeline this function.  If this multiplier was inferred, it is suggested to describe an additional register stage after this function.  If there is no registered adder/accumulator following the multiply function, two pipeline stages are suggested to allow both the MREG and PREG registers to be used.  If the DSP48 was instantiated in the design, it is suggested to set both the MREG and PREG attributes to 1 when performing multiply functions.
Related violations: <none>

DPOP-4#7 Warning
MREG Output pipelining  
DSP u96v4bd_i/pre/inst/conv_path/p1_prod20_r_reg multiplier stage u96v4bd_i/pre/inst/conv_path/p1_prod20_r_reg/P[47:0] is not pipelined (MREG=0). Pipelining the multiplier function will improve performance and will save significant power so it is suggested whenever possible to fully pipeline this function.  If this multiplier was inferred, it is suggested to describe an additional register stage after this function.  If there is no registered adder/accumulator following the multiply function, two pipeline stages are suggested to allow both the MREG and PREG registers to be used.  If the DSP48 was instantiated in the design, it is suggested to set both the MREG and PREG attributes to 1 when performing multiply functions.
Related violations: <none>

DPOP-4#8 Warning
MREG Output pipelining  
DSP u96v4bd_i/pre/inst/conv_path/p1_prod21_r_reg multiplier stage u96v4bd_i/pre/inst/conv_path/p1_prod21_r_reg/P[47:0] is not pipelined (MREG=0). Pipelining the multiplier function will improve performance and will save significant power so it is suggested whenever possible to fully pipeline this function.  If this multiplier was inferred, it is suggested to describe an additional register stage after this function.  If there is no registered adder/accumulator following the multiply function, two pipeline stages are suggested to allow both the MREG and PREG registers to be used.  If the DSP48 was instantiated in the design, it is suggested to set both the MREG and PREG attributes to 1 when performing multiply functions.
Related violations: <none>

DPOP-4#9 Warning
MREG Output pipelining  
DSP u96v4bd_i/pre/inst/conv_path/p1_prod22_r_reg multiplier stage u96v4bd_i/pre/inst/conv_path/p1_prod22_r_reg/P[47:0] is not pipelined (MREG=0). Pipelining the multiplier function will improve performance and will save significant power so it is suggested whenever possible to fully pipeline this function.  If this multiplier was inferred, it is suggested to describe an additional register stage after this function.  If there is no registered adder/accumulator following the multiply function, two pipeline stages are suggested to allow both the MREG and PREG registers to be used.  If the DSP48 was instantiated in the design, it is suggested to set both the MREG and PREG attributes to 1 when performing multiply functions.
Related violations: <none>

DPOP-4#10 Warning
MREG Output pipelining  
DSP u96v4bd_i/pre/inst/vector_path/p1_product_r_reg[0][0] multiplier stage u96v4bd_i/pre/inst/vector_path/p1_product_r_reg[0][0]/P[47:0] is not pipelined (MREG=0). Pipelining the multiplier function will improve performance and will save significant power so it is suggested whenever possible to fully pipeline this function.  If this multiplier was inferred, it is suggested to describe an additional register stage after this function.  If there is no registered adder/accumulator following the multiply function, two pipeline stages are suggested to allow both the MREG and PREG registers to be used.  If the DSP48 was instantiated in the design, it is suggested to set both the MREG and PREG attributes to 1 when performing multiply functions.
Related violations: <none>

DPOP-4#11 Warning
MREG Output pipelining  
DSP u96v4bd_i/pre/inst/vector_path/p1_product_r_reg[0][1] multiplier stage u96v4bd_i/pre/inst/vector_path/p1_product_r_reg[0][1]/P[47:0] is not pipelined (MREG=0). Pipelining the multiplier function will improve performance and will save significant power so it is suggested whenever possible to fully pipeline this function.  If this multiplier was inferred, it is suggested to describe an additional register stage after this function.  If there is no registered adder/accumulator following the multiply function, two pipeline stages are suggested to allow both the MREG and PREG registers to be used.  If the DSP48 was instantiated in the design, it is suggested to set both the MREG and PREG attributes to 1 when performing multiply functions.
Related violations: <none>

DPOP-4#12 Warning
MREG Output pipelining  
DSP u96v4bd_i/pre/inst/vector_path/p1_product_r_reg[0][2] multiplier stage u96v4bd_i/pre/inst/vector_path/p1_product_r_reg[0][2]/P[47:0] is not pipelined (MREG=0). Pipelining the multiplier function will improve performance and will save significant power so it is suggested whenever possible to fully pipeline this function.  If this multiplier was inferred, it is suggested to describe an additional register stage after this function.  If there is no registered adder/accumulator following the multiply function, two pipeline stages are suggested to allow both the MREG and PREG registers to be used.  If the DSP48 was instantiated in the design, it is suggested to set both the MREG and PREG attributes to 1 when performing multiply functions.
Related violations: <none>

DPOP-4#13 Warning
MREG Output pipelining  
DSP u96v4bd_i/pre/inst/vector_path/p1_product_r_reg[0][3] multiplier stage u96v4bd_i/pre/inst/vector_path/p1_product_r_reg[0][3]/P[47:0] is not pipelined (MREG=0). Pipelining the multiplier function will improve performance and will save significant power so it is suggested whenever possible to fully pipeline this function.  If this multiplier was inferred, it is suggested to describe an additional register stage after this function.  If there is no registered adder/accumulator following the multiply function, two pipeline stages are suggested to allow both the MREG and PREG registers to be used.  If the DSP48 was instantiated in the design, it is suggested to set both the MREG and PREG attributes to 1 when performing multiply functions.
Related violations: <none>

DPOP-4#14 Warning
MREG Output pipelining  
DSP u96v4bd_i/pre/inst/vector_path/p1_product_r_reg[0][4] multiplier stage u96v4bd_i/pre/inst/vector_path/p1_product_r_reg[0][4]/P[47:0] is not pipelined (MREG=0). Pipelining the multiplier function will improve performance and will save significant power so it is suggested whenever possible to fully pipeline this function.  If this multiplier was inferred, it is suggested to describe an additional register stage after this function.  If there is no registered adder/accumulator following the multiply function, two pipeline stages are suggested to allow both the MREG and PREG registers to be used.  If the DSP48 was instantiated in the design, it is suggested to set both the MREG and PREG attributes to 1 when performing multiply functions.
Related violations: <none>

DPOP-4#15 Warning
MREG Output pipelining  
DSP u96v4bd_i/pre/inst/vector_path/p1_product_r_reg[0][5] multiplier stage u96v4bd_i/pre/inst/vector_path/p1_product_r_reg[0][5]/P[47:0] is not pipelined (MREG=0). Pipelining the multiplier function will improve performance and will save significant power so it is suggested whenever possible to fully pipeline this function.  If this multiplier was inferred, it is suggested to describe an additional register stage after this function.  If there is no registered adder/accumulator following the multiply function, two pipeline stages are suggested to allow both the MREG and PREG registers to be used.  If the DSP48 was instantiated in the design, it is suggested to set both the MREG and PREG attributes to 1 when performing multiply functions.
Related violations: <none>

DPOP-4#16 Warning
MREG Output pipelining  
DSP u96v4bd_i/pre/inst/vector_path/p1_product_r_reg[0][6] multiplier stage u96v4bd_i/pre/inst/vector_path/p1_product_r_reg[0][6]/P[47:0] is not pipelined (MREG=0). Pipelining the multiplier function will improve performance and will save significant power so it is suggested whenever possible to fully pipeline this function.  If this multiplier was inferred, it is suggested to describe an additional register stage after this function.  If there is no registered adder/accumulator following the multiply function, two pipeline stages are suggested to allow both the MREG and PREG registers to be used.  If the DSP48 was instantiated in the design, it is suggested to set both the MREG and PREG attributes to 1 when performing multiply functions.
Related violations: <none>

DPOP-4#17 Warning
MREG Output pipelining  
DSP u96v4bd_i/pre/inst/vector_path/p1_product_r_reg[0][7] multiplier stage u96v4bd_i/pre/inst/vector_path/p1_product_r_reg[0][7]/P[47:0] is not pipelined (MREG=0). Pipelining the multiplier function will improve performance and will save significant power so it is suggested whenever possible to fully pipeline this function.  If this multiplier was inferred, it is suggested to describe an additional register stage after this function.  If there is no registered adder/accumulator following the multiply function, two pipeline stages are suggested to allow both the MREG and PREG registers to be used.  If the DSP48 was instantiated in the design, it is suggested to set both the MREG and PREG attributes to 1 when performing multiply functions.
Related violations: <none>

DPOP-4#18 Warning
MREG Output pipelining  
DSP u96v4bd_i/pre/inst/vector_path/p1_product_r_reg[0][8] multiplier stage u96v4bd_i/pre/inst/vector_path/p1_product_r_reg[0][8]/P[47:0] is not pipelined (MREG=0). Pipelining the multiplier function will improve performance and will save significant power so it is suggested whenever possible to fully pipeline this function.  If this multiplier was inferred, it is suggested to describe an additional register stage after this function.  If there is no registered adder/accumulator following the multiply function, two pipeline stages are suggested to allow both the MREG and PREG registers to be used.  If the DSP48 was instantiated in the design, it is suggested to set both the MREG and PREG attributes to 1 when performing multiply functions.
Related violations: <none>

DPOP-4#19 Warning
MREG Output pipelining  
DSP u96v4bd_i/pre/inst/vector_path/p1_product_r_reg[1][0] multiplier stage u96v4bd_i/pre/inst/vector_path/p1_product_r_reg[1][0]/P[47:0] is not pipelined (MREG=0). Pipelining the multiplier function will improve performance and will save significant power so it is suggested whenever possible to fully pipeline this function.  If this multiplier was inferred, it is suggested to describe an additional register stage after this function.  If there is no registered adder/accumulator following the multiply function, two pipeline stages are suggested to allow both the MREG and PREG registers to be used.  If the DSP48 was instantiated in the design, it is suggested to set both the MREG and PREG attributes to 1 when performing multiply functions.
Related violations: <none>

DPOP-4#20 Warning
MREG Output pipelining  
DSP u96v4bd_i/pre/inst/vector_path/p1_product_r_reg[1][1] multiplier stage u96v4bd_i/pre/inst/vector_path/p1_product_r_reg[1][1]/P[47:0] is not pipelined (MREG=0). Pipelining the multiplier function will improve performance and will save significant power so it is suggested whenever possible to fully pipeline this function.  If this multiplier was inferred, it is suggested to describe an additional register stage after this function.  If there is no registered adder/accumulator following the multiply function, two pipeline stages are suggested to allow both the MREG and PREG registers to be used.  If the DSP48 was instantiated in the design, it is suggested to set both the MREG and PREG attributes to 1 when performing multiply functions.
Related violations: <none>

DPOP-4#21 Warning
MREG Output pipelining  
DSP u96v4bd_i/pre/inst/vector_path/p1_product_r_reg[1][2] multiplier stage u96v4bd_i/pre/inst/vector_path/p1_product_r_reg[1][2]/P[47:0] is not pipelined (MREG=0). Pipelining the multiplier function will improve performance and will save significant power so it is suggested whenever possible to fully pipeline this function.  If this multiplier was inferred, it is suggested to describe an additional register stage after this function.  If there is no registered adder/accumulator following the multiply function, two pipeline stages are suggested to allow both the MREG and PREG registers to be used.  If the DSP48 was instantiated in the design, it is suggested to set both the MREG and PREG attributes to 1 when performing multiply functions.
Related violations: <none>

DPOP-4#22 Warning
MREG Output pipelining  
DSP u96v4bd_i/pre/inst/vector_path/p1_product_r_reg[1][3] multiplier stage u96v4bd_i/pre/inst/vector_path/p1_product_r_reg[1][3]/P[47:0] is not pipelined (MREG=0). Pipelining the multiplier function will improve performance and will save significant power so it is suggested whenever possible to fully pipeline this function.  If this multiplier was inferred, it is suggested to describe an additional register stage after this function.  If there is no registered adder/accumulator following the multiply function, two pipeline stages are suggested to allow both the MREG and PREG registers to be used.  If the DSP48 was instantiated in the design, it is suggested to set both the MREG and PREG attributes to 1 when performing multiply functions.
Related violations: <none>

DPOP-4#23 Warning
MREG Output pipelining  
DSP u96v4bd_i/pre/inst/vector_path/p1_product_r_reg[1][4] multiplier stage u96v4bd_i/pre/inst/vector_path/p1_product_r_reg[1][4]/P[47:0] is not pipelined (MREG=0). Pipelining the multiplier function will improve performance and will save significant power so it is suggested whenever possible to fully pipeline this function.  If this multiplier was inferred, it is suggested to describe an additional register stage after this function.  If there is no registered adder/accumulator following the multiply function, two pipeline stages are suggested to allow both the MREG and PREG registers to be used.  If the DSP48 was instantiated in the design, it is suggested to set both the MREG and PREG attributes to 1 when performing multiply functions.
Related violations: <none>

DPOP-4#24 Warning
MREG Output pipelining  
DSP u96v4bd_i/pre/inst/vector_path/p1_product_r_reg[1][5] multiplier stage u96v4bd_i/pre/inst/vector_path/p1_product_r_reg[1][5]/P[47:0] is not pipelined (MREG=0). Pipelining the multiplier function will improve performance and will save significant power so it is suggested whenever possible to fully pipeline this function.  If this multiplier was inferred, it is suggested to describe an additional register stage after this function.  If there is no registered adder/accumulator following the multiply function, two pipeline stages are suggested to allow both the MREG and PREG registers to be used.  If the DSP48 was instantiated in the design, it is suggested to set both the MREG and PREG attributes to 1 when performing multiply functions.
Related violations: <none>

DPOP-4#25 Warning
MREG Output pipelining  
DSP u96v4bd_i/pre/inst/vector_path/p1_product_r_reg[1][6] multiplier stage u96v4bd_i/pre/inst/vector_path/p1_product_r_reg[1][6]/P[47:0] is not pipelined (MREG=0). Pipelining the multiplier function will improve performance and will save significant power so it is suggested whenever possible to fully pipeline this function.  If this multiplier was inferred, it is suggested to describe an additional register stage after this function.  If there is no registered adder/accumulator following the multiply function, two pipeline stages are suggested to allow both the MREG and PREG registers to be used.  If the DSP48 was instantiated in the design, it is suggested to set both the MREG and PREG attributes to 1 when performing multiply functions.
Related violations: <none>

DPOP-4#26 Warning
MREG Output pipelining  
DSP u96v4bd_i/pre/inst/vector_path/p1_product_r_reg[1][7] multiplier stage u96v4bd_i/pre/inst/vector_path/p1_product_r_reg[1][7]/P[47:0] is not pipelined (MREG=0). Pipelining the multiplier function will improve performance and will save significant power so it is suggested whenever possible to fully pipeline this function.  If this multiplier was inferred, it is suggested to describe an additional register stage after this function.  If there is no registered adder/accumulator following the multiply function, two pipeline stages are suggested to allow both the MREG and PREG registers to be used.  If the DSP48 was instantiated in the design, it is suggested to set both the MREG and PREG attributes to 1 when performing multiply functions.
Related violations: <none>

DPOP-4#27 Warning
MREG Output pipelining  
DSP u96v4bd_i/pre/inst/vector_path/p1_product_r_reg[1][8] multiplier stage u96v4bd_i/pre/inst/vector_path/p1_product_r_reg[1][8]/P[47:0] is not pipelined (MREG=0). Pipelining the multiplier function will improve performance and will save significant power so it is suggested whenever possible to fully pipeline this function.  If this multiplier was inferred, it is suggested to describe an additional register stage after this function.  If there is no registered adder/accumulator following the multiply function, two pipeline stages are suggested to allow both the MREG and PREG registers to be used.  If the DSP48 was instantiated in the design, it is suggested to set both the MREG and PREG attributes to 1 when performing multiply functions.
Related violations: <none>

DPOP-4#28 Warning
MREG Output pipelining  
DSP u96v4bd_i/pre/inst/vector_path/p1_product_r_reg[2][0] multiplier stage u96v4bd_i/pre/inst/vector_path/p1_product_r_reg[2][0]/P[47:0] is not pipelined (MREG=0). Pipelining the multiplier function will improve performance and will save significant power so it is suggested whenever possible to fully pipeline this function.  If this multiplier was inferred, it is suggested to describe an additional register stage after this function.  If there is no registered adder/accumulator following the multiply function, two pipeline stages are suggested to allow both the MREG and PREG registers to be used.  If the DSP48 was instantiated in the design, it is suggested to set both the MREG and PREG attributes to 1 when performing multiply functions.
Related violations: <none>

DPOP-4#29 Warning
MREG Output pipelining  
DSP u96v4bd_i/pre/inst/vector_path/p1_product_r_reg[2][1] multiplier stage u96v4bd_i/pre/inst/vector_path/p1_product_r_reg[2][1]/P[47:0] is not pipelined (MREG=0). Pipelining the multiplier function will improve performance and will save significant power so it is suggested whenever possible to fully pipeline this function.  If this multiplier was inferred, it is suggested to describe an additional register stage after this function.  If there is no registered adder/accumulator following the multiply function, two pipeline stages are suggested to allow both the MREG and PREG registers to be used.  If the DSP48 was instantiated in the design, it is suggested to set both the MREG and PREG attributes to 1 when performing multiply functions.
Related violations: <none>

DPOP-4#30 Warning
MREG Output pipelining  
DSP u96v4bd_i/pre/inst/vector_path/p1_product_r_reg[2][2] multiplier stage u96v4bd_i/pre/inst/vector_path/p1_product_r_reg[2][2]/P[47:0] is not pipelined (MREG=0). Pipelining the multiplier function will improve performance and will save significant power so it is suggested whenever possible to fully pipeline this function.  If this multiplier was inferred, it is suggested to describe an additional register stage after this function.  If there is no registered adder/accumulator following the multiply function, two pipeline stages are suggested to allow both the MREG and PREG registers to be used.  If the DSP48 was instantiated in the design, it is suggested to set both the MREG and PREG attributes to 1 when performing multiply functions.
Related violations: <none>

DPOP-4#31 Warning
MREG Output pipelining  
DSP u96v4bd_i/pre/inst/vector_path/p1_product_r_reg[2][3] multiplier stage u96v4bd_i/pre/inst/vector_path/p1_product_r_reg[2][3]/P[47:0] is not pipelined (MREG=0). Pipelining the multiplier function will improve performance and will save significant power so it is suggested whenever possible to fully pipeline this function.  If this multiplier was inferred, it is suggested to describe an additional register stage after this function.  If there is no registered adder/accumulator following the multiply function, two pipeline stages are suggested to allow both the MREG and PREG registers to be used.  If the DSP48 was instantiated in the design, it is suggested to set both the MREG and PREG attributes to 1 when performing multiply functions.
Related violations: <none>

DPOP-4#32 Warning
MREG Output pipelining  
DSP u96v4bd_i/pre/inst/vector_path/p1_product_r_reg[2][4] multiplier stage u96v4bd_i/pre/inst/vector_path/p1_product_r_reg[2][4]/P[47:0] is not pipelined (MREG=0). Pipelining the multiplier function will improve performance and will save significant power so it is suggested whenever possible to fully pipeline this function.  If this multiplier was inferred, it is suggested to describe an additional register stage after this function.  If there is no registered adder/accumulator following the multiply function, two pipeline stages are suggested to allow both the MREG and PREG registers to be used.  If the DSP48 was instantiated in the design, it is suggested to set both the MREG and PREG attributes to 1 when performing multiply functions.
Related violations: <none>

DPOP-4#33 Warning
MREG Output pipelining  
DSP u96v4bd_i/pre/inst/vector_path/p1_product_r_reg[2][5] multiplier stage u96v4bd_i/pre/inst/vector_path/p1_product_r_reg[2][5]/P[47:0] is not pipelined (MREG=0). Pipelining the multiplier function will improve performance and will save significant power so it is suggested whenever possible to fully pipeline this function.  If this multiplier was inferred, it is suggested to describe an additional register stage after this function.  If there is no registered adder/accumulator following the multiply function, two pipeline stages are suggested to allow both the MREG and PREG registers to be used.  If the DSP48 was instantiated in the design, it is suggested to set both the MREG and PREG attributes to 1 when performing multiply functions.
Related violations: <none>

DPOP-4#34 Warning
MREG Output pipelining  
DSP u96v4bd_i/pre/inst/vector_path/p1_product_r_reg[2][6] multiplier stage u96v4bd_i/pre/inst/vector_path/p1_product_r_reg[2][6]/P[47:0] is not pipelined (MREG=0). Pipelining the multiplier function will improve performance and will save significant power so it is suggested whenever possible to fully pipeline this function.  If this multiplier was inferred, it is suggested to describe an additional register stage after this function.  If there is no registered adder/accumulator following the multiply function, two pipeline stages are suggested to allow both the MREG and PREG registers to be used.  If the DSP48 was instantiated in the design, it is suggested to set both the MREG and PREG attributes to 1 when performing multiply functions.
Related violations: <none>

DPOP-4#35 Warning
MREG Output pipelining  
DSP u96v4bd_i/pre/inst/vector_path/p1_product_r_reg[2][7] multiplier stage u96v4bd_i/pre/inst/vector_path/p1_product_r_reg[2][7]/P[47:0] is not pipelined (MREG=0). Pipelining the multiplier function will improve performance and will save significant power so it is suggested whenever possible to fully pipeline this function.  If this multiplier was inferred, it is suggested to describe an additional register stage after this function.  If there is no registered adder/accumulator following the multiply function, two pipeline stages are suggested to allow both the MREG and PREG registers to be used.  If the DSP48 was instantiated in the design, it is suggested to set both the MREG and PREG attributes to 1 when performing multiply functions.
Related violations: <none>

DPOP-4#36 Warning
MREG Output pipelining  
DSP u96v4bd_i/pre/inst/vector_path/p1_product_r_reg[2][8] multiplier stage u96v4bd_i/pre/inst/vector_path/p1_product_r_reg[2][8]/P[47:0] is not pipelined (MREG=0). Pipelining the multiplier function will improve performance and will save significant power so it is suggested whenever possible to fully pipeline this function.  If this multiplier was inferred, it is suggested to describe an additional register stage after this function.  If there is no registered adder/accumulator following the multiply function, two pipeline stages are suggested to allow both the MREG and PREG registers to be used.  If the DSP48 was instantiated in the design, it is suggested to set both the MREG and PREG attributes to 1 when performing multiply functions.
Related violations: <none>

DPOP-4#37 Warning
MREG Output pipelining  
DSP u96v4bd_i/pre/inst/vector_path/p1_product_r_reg[3][0] multiplier stage u96v4bd_i/pre/inst/vector_path/p1_product_r_reg[3][0]/P[47:0] is not pipelined (MREG=0). Pipelining the multiplier function will improve performance and will save significant power so it is suggested whenever possible to fully pipeline this function.  If this multiplier was inferred, it is suggested to describe an additional register stage after this function.  If there is no registered adder/accumulator following the multiply function, two pipeline stages are suggested to allow both the MREG and PREG registers to be used.  If the DSP48 was instantiated in the design, it is suggested to set both the MREG and PREG attributes to 1 when performing multiply functions.
Related violations: <none>

DPOP-4#38 Warning
MREG Output pipelining  
DSP u96v4bd_i/pre/inst/vector_path/p1_product_r_reg[3][1] multiplier stage u96v4bd_i/pre/inst/vector_path/p1_product_r_reg[3][1]/P[47:0] is not pipelined (MREG=0). Pipelining the multiplier function will improve performance and will save significant power so it is suggested whenever possible to fully pipeline this function.  If this multiplier was inferred, it is suggested to describe an additional register stage after this function.  If there is no registered adder/accumulator following the multiply function, two pipeline stages are suggested to allow both the MREG and PREG registers to be used.  If the DSP48 was instantiated in the design, it is suggested to set both the MREG and PREG attributes to 1 when performing multiply functions.
Related violations: <none>

DPOP-4#39 Warning
MREG Output pipelining  
DSP u96v4bd_i/pre/inst/vector_path/p1_product_r_reg[3][2] multiplier stage u96v4bd_i/pre/inst/vector_path/p1_product_r_reg[3][2]/P[47:0] is not pipelined (MREG=0). Pipelining the multiplier function will improve performance and will save significant power so it is suggested whenever possible to fully pipeline this function.  If this multiplier was inferred, it is suggested to describe an additional register stage after this function.  If there is no registered adder/accumulator following the multiply function, two pipeline stages are suggested to allow both the MREG and PREG registers to be used.  If the DSP48 was instantiated in the design, it is suggested to set both the MREG and PREG attributes to 1 when performing multiply functions.
Related violations: <none>

DPOP-4#40 Warning
MREG Output pipelining  
DSP u96v4bd_i/pre/inst/vector_path/p1_product_r_reg[3][3] multiplier stage u96v4bd_i/pre/inst/vector_path/p1_product_r_reg[3][3]/P[47:0] is not pipelined (MREG=0). Pipelining the multiplier function will improve performance and will save significant power so it is suggested whenever possible to fully pipeline this function.  If this multiplier was inferred, it is suggested to describe an additional register stage after this function.  If there is no registered adder/accumulator following the multiply function, two pipeline stages are suggested to allow both the MREG and PREG registers to be used.  If the DSP48 was instantiated in the design, it is suggested to set both the MREG and PREG attributes to 1 when performing multiply functions.
Related violations: <none>

DPOP-4#41 Warning
MREG Output pipelining  
DSP u96v4bd_i/pre/inst/vector_path/p1_product_r_reg[3][4] multiplier stage u96v4bd_i/pre/inst/vector_path/p1_product_r_reg[3][4]/P[47:0] is not pipelined (MREG=0). Pipelining the multiplier function will improve performance and will save significant power so it is suggested whenever possible to fully pipeline this function.  If this multiplier was inferred, it is suggested to describe an additional register stage after this function.  If there is no registered adder/accumulator following the multiply function, two pipeline stages are suggested to allow both the MREG and PREG registers to be used.  If the DSP48 was instantiated in the design, it is suggested to set both the MREG and PREG attributes to 1 when performing multiply functions.
Related violations: <none>

DPOP-4#42 Warning
MREG Output pipelining  
DSP u96v4bd_i/pre/inst/vector_path/p1_product_r_reg[3][5] multiplier stage u96v4bd_i/pre/inst/vector_path/p1_product_r_reg[3][5]/P[47:0] is not pipelined (MREG=0). Pipelining the multiplier function will improve performance and will save significant power so it is suggested whenever possible to fully pipeline this function.  If this multiplier was inferred, it is suggested to describe an additional register stage after this function.  If there is no registered adder/accumulator following the multiply function, two pipeline stages are suggested to allow both the MREG and PREG registers to be used.  If the DSP48 was instantiated in the design, it is suggested to set both the MREG and PREG attributes to 1 when performing multiply functions.
Related violations: <none>

DPOP-4#43 Warning
MREG Output pipelining  
DSP u96v4bd_i/pre/inst/vector_path/p1_product_r_reg[3][6] multiplier stage u96v4bd_i/pre/inst/vector_path/p1_product_r_reg[3][6]/P[47:0] is not pipelined (MREG=0). Pipelining the multiplier function will improve performance and will save significant power so it is suggested whenever possible to fully pipeline this function.  If this multiplier was inferred, it is suggested to describe an additional register stage after this function.  If there is no registered adder/accumulator following the multiply function, two pipeline stages are suggested to allow both the MREG and PREG registers to be used.  If the DSP48 was instantiated in the design, it is suggested to set both the MREG and PREG attributes to 1 when performing multiply functions.
Related violations: <none>

DPOP-4#44 Warning
MREG Output pipelining  
DSP u96v4bd_i/pre/inst/vector_path/p1_product_r_reg[3][7] multiplier stage u96v4bd_i/pre/inst/vector_path/p1_product_r_reg[3][7]/P[47:0] is not pipelined (MREG=0). Pipelining the multiplier function will improve performance and will save significant power so it is suggested whenever possible to fully pipeline this function.  If this multiplier was inferred, it is suggested to describe an additional register stage after this function.  If there is no registered adder/accumulator following the multiply function, two pipeline stages are suggested to allow both the MREG and PREG registers to be used.  If the DSP48 was instantiated in the design, it is suggested to set both the MREG and PREG attributes to 1 when performing multiply functions.
Related violations: <none>

DPOP-4#45 Warning
MREG Output pipelining  
DSP u96v4bd_i/pre/inst/vector_path/p1_product_r_reg[3][8] multiplier stage u96v4bd_i/pre/inst/vector_path/p1_product_r_reg[3][8]/P[47:0] is not pipelined (MREG=0). Pipelining the multiplier function will improve performance and will save significant power so it is suggested whenever possible to fully pipeline this function.  If this multiplier was inferred, it is suggested to describe an additional register stage after this function.  If there is no registered adder/accumulator following the multiply function, two pipeline stages are suggested to allow both the MREG and PREG registers to be used.  If the DSP48 was instantiated in the design, it is suggested to set both the MREG and PREG attributes to 1 when performing multiply functions.
Related violations: <none>

REQP-1935#1 Warning
RAMB36E2_nochange_collision_advisory  
Synchronous clocking is detected for BRAM (u96v4bd_i/dma/U0/I_PRMRY_DATAMOVER/GEN_MM2S_FULL.I_MM2S_FULL_WRAPPER/GEN_INCLUDE_MM2S_SF.I_RD_SF/I_DATA_FIFO/BLK_MEM.I_SYNC_FIFOGEN_FIFO/xpm_fifo_base_inst/gen_sdpram.xpm_memory_base_inst/gen_wr_a.gen_word_narrow.mem_reg) in SDP mode with NO_CHANGE write-mode. This is the preferred mode for best power characteristics. However, NO_CHANGE may exhibit address collisions if the same address appears on both read and write ports resulting in unknown or corrupted read data. It is suggested to confirm via simulation that an address collision never occurs and if so it is suggested to try and avoid this situation. If address collisions cannot be avoided, the write-mode may be set to READ_FIRST which guarantees that the read data is the prior contents of the memory at the cost of additional power in the design. See the FPGA Memory Resources User Guide for additional information.
Related violations: <none>

REQP-1935#2 Warning
RAMB36E2_nochange_collision_advisory  
Synchronous clocking is detected for BRAM (u96v4bd_i/dma/U0/I_PRMRY_DATAMOVER/GEN_S2MM_FULL.I_S2MM_FULL_WRAPPER/GEN_ENABLE_INDET_BTT_SF.I_INDET_BTT/I_DATA_FIFO/BLK_MEM.I_SYNC_FIFOGEN_FIFO/xpm_fifo_base_inst/gen_sdpram.xpm_memory_base_inst/gen_wr_a.gen_word_narrow.mem_reg) in SDP mode with NO_CHANGE write-mode. This is the preferred mode for best power characteristics. However, NO_CHANGE may exhibit address collisions if the same address appears on both read and write ports resulting in unknown or corrupted read data. It is suggested to confirm via simulation that an address collision never occurs and if so it is suggested to try and avoid this situation. If address collisions cannot be avoided, the write-mode may be set to READ_FIRST which guarantees that the read data is the prior contents of the memory at the cost of additional power in the design. See the FPGA Memory Resources User Guide for additional information.
Related violations: <none>

RTSTAT-10#1 Warning
No routable loads  
15 net(s) have no routable loads. The problem bus(es) and/or net(s) are u96v4bd_i/sc_ctrl/inst/m00_nodes/m00_r_node/inst/mi_handler_m_sc_areset_pipe,
u96v4bd_i/sc_ctrl/inst/m01_nodes/m01_aw_node/inst/mi_handler_m_sc_areset_pipe,
u96v4bd_i/sc_ctrl/inst/m01_nodes/m01_b_node/inst/mi_handler_m_sc_areset_pipe,
u96v4bd_i/sc_ctrl/inst/s00_nodes/s00_w_node/inst/mi_handler_m_sc_areset_pipe,
u96v4bd_i/sc_ctrl/inst/m00_nodes/m00_b_node/inst/mi_handler_m_sc_areset_pipe,
u96v4bd_i/sc_ctrl/inst/m01_nodes/m01_w_node/inst/mi_handler_m_sc_areset_pipe,
u96v4bd_i/sc_ctrl/inst/m00_nodes/m00_w_node/inst/mi_handler_m_sc_areset_pipe,
u96v4bd_i/sc_ctrl/inst/s00_nodes/s00_r_node/inst/mi_handler_m_sc_areset_pipe,
u96v4bd_i/sc_ctrl/inst/m01_nodes/m01_ar_node/inst/mi_handler_m_sc_areset_pipe,
u96v4bd_i/sc_ctrl/inst/m00_nodes/m00_ar_node/inst/mi_handler_m_sc_areset_pipe,
u96v4bd_i/sc_ctrl/inst/s00_nodes/s00_aw_node/inst/mi_handler_m_sc_areset_pipe,
u96v4bd_i/sc_ctrl/inst/s00_nodes/s00_ar_node/inst/mi_handler_m_sc_areset_pipe,
u96v4bd_i/sc_ctrl/inst/m00_nodes/m00_aw_node/inst/mi_handler_m_sc_areset_pipe
u96v4bd_i/sc_ctrl/inst/m01_nodes/m01_r_node/inst/mi_handler_m_sc_areset_pipe.
Related violations: <none>


