Copyright 1986-2022 Xilinx, Inc. All Rights Reserved. Copyright 2022-2025 Advanced Micro Devices, Inc. All Rights Reserved.
---------------------------------------------------------------------------------------------------------------------------------------------
| Tool Version : Vivado v.2025.2 (win64) Build 6299465 Fri Nov 14 19:35:11 GMT 2025
| Date         : Fri Jul 10 17:08:54 2026
| Host         : DESKTOP-B6PV349 running 64-bit major release  (build 9200)
| Command      : report_utilization -file D:/ZB_AI_Vision/vivado/u96_dma_vec4_impl_utilization.rpt
| Design       : u96v4bd_wrapper
| Device       : xczu3eg-sbva484-1-e
| Speed File   : -1
| Design State : Routed
---------------------------------------------------------------------------------------------------------------------------------------------

Utilization Design Information

Table of Contents
-----------------
1. CLB Logic
1.1 Summary of Registers by Type
2. CLB Logic Distribution
3. BLOCKRAM
4. ARITHMETIC
5. I/O
6. CLOCK
7. ADVANCED
8. CONFIGURATION
9. Primitives
10. Black Boxes
11. Instantiated Netlists

1. CLB Logic
------------

+----------------------------+-------+-------+------------+-----------+-------+
|          Site Type         |  Used | Fixed | Prohibited | Available | Util% |
+----------------------------+-------+-------+------------+-----------+-------+
| CLB LUTs                   | 10359 |     0 |          0 |     70560 | 14.68 |
|   LUT as Logic             |  9667 |     0 |          0 |     70560 | 13.70 |
|   LUT as Memory            |   692 |     0 |          0 |     28800 |  2.40 |
|     LUT as Distributed RAM |   564 |     0 |            |           |       |
|     LUT as Shift Register  |   128 |     0 |            |           |       |
| CLB Registers              | 11903 |     0 |          0 |    141120 |  8.43 |
|   Register as Flip Flop    | 11903 |     0 |          0 |    141120 |  8.43 |
|   Register as Latch        |     0 |     0 |          0 |    141120 |  0.00 |
| CARRY8                     |   129 |     0 |          0 |      8820 |  1.46 |
| F7 Muxes                   |   312 |     0 |          0 |     35280 |  0.88 |
| F8 Muxes                   |    20 |     0 |          0 |     17640 |  0.11 |
| F9 Muxes                   |     0 |     0 |          0 |      8820 |  0.00 |
| Unique Control Sets        |   721 |       |          0 |     17640 |  4.09 |
+----------------------------+-------+-------+------------+-----------+-------+
* Warning! LUT value is adjusted to account for LUT combining.
** Note: Available Control Sets calculated as Slices * 2, Review the Control Sets Report for more information regarding control sets.


1.1 Summary of Registers by Type
--------------------------------

+-------+--------------+-------------+--------------+
| Total | Clock Enable | Synchronous | Asynchronous |
+-------+--------------+-------------+--------------+
| 0     |            _ |           - |            - |
| 0     |            _ |           - |          Set |
| 0     |            _ |           - |        Reset |
| 0     |            _ |         Set |            - |
| 0     |            _ |       Reset |            - |
| 0     |          Yes |           - |            - |
| 0     |          Yes |           - |          Set |
| 120   |          Yes |           - |        Reset |
| 983   |          Yes |         Set |            - |
| 10800 |          Yes |       Reset |            - |
+-------+--------------+-------------+--------------+


2. CLB Logic Distribution
-------------------------

+--------------------------------------------+-------+-------+------------+-----------+-------+
|                  Site Type                 |  Used | Fixed | Prohibited | Available | Util% |
+--------------------------------------------+-------+-------+------------+-----------+-------+
| CLB                                        |  2250 |     0 |          0 |      8820 | 25.51 |
|   CLBL                                     |  1477 |     0 |            |           |       |
|   CLBM                                     |   773 |     0 |            |           |       |
| LUT as Logic                               |  9667 |     0 |          0 |     70560 | 13.70 |
|   using O5 output only                     |   263 |       |            |           |       |
|   using O6 output only                     |  6605 |       |            |           |       |
|   using O5 and O6                          |  2799 |       |            |           |       |
| LUT as Memory                              |   692 |     0 |          0 |     28800 |  2.40 |
|   LUT as Distributed RAM                   |   564 |     0 |            |           |       |
|     using O5 output only                   |     0 |       |            |           |       |
|     using O6 output only                   |     8 |       |            |           |       |
|     using O5 and O6                        |   556 |       |            |           |       |
|   LUT as Shift Register                    |   128 |     0 |            |           |       |
|     using O5 output only                   |     0 |       |            |           |       |
|     using O6 output only                   |    75 |       |            |           |       |
|     using O5 and O6                        |    53 |       |            |           |       |
| CLB Registers                              | 11903 |     0 |          0 |    141120 |  8.43 |
|   Register driven from within the CLB      |  6319 |       |            |           |       |
|   Register driven from outside the CLB     |  5584 |       |            |           |       |
|     LUT in front of the register is unused |  3429 |       |            |           |       |
|     LUT in front of the register is used   |  2155 |       |            |           |       |
+--------------------------------------------+-------+-------+------------+-----------+-------+


3. BLOCKRAM
-----------

+-------------------+------+-------+------------+-----------+-------+
|     Site Type     | Used | Fixed | Prohibited | Available | Util% |
+-------------------+------+-------+------------+-----------+-------+
| Block RAM Tile    |    3 |     0 |          0 |       216 |  1.39 |
|   RAMB36/FIFO*    |    2 |     0 |          0 |       216 |  0.93 |
|     RAMB36E2 only |    2 |       |            |           |       |
|   RAMB18          |    2 |     0 |          0 |       432 |  0.46 |
|     RAMB18E2 only |    2 |       |            |           |       |
+-------------------+------+-------+------------+-----------+-------+
* Note: Each Block RAM Tile only has one FIFO logic available and therefore can accommodate only one FIFO36E2 or one FIFO18E2. However, if a FIFO18E2 occupies a Block RAM Tile, that tile can still accommodate a RAMB18E2


4. ARITHMETIC
-------------

+----------------+------+-------+------------+-----------+-------+
|    Site Type   | Used | Fixed | Prohibited | Available | Util% |
+----------------+------+-------+------------+-----------+-------+
| DSPs           |   45 |     0 |          0 |       360 | 12.50 |
|   DSP48E2 only |   45 |       |            |           |       |
+----------------+------+-------+------------+-----------+-------+


5. I/O
------

+------------------+------+-------+------------+-----------+-------+
|     Site Type    | Used | Fixed | Prohibited | Available | Util% |
+------------------+------+-------+------------+-----------+-------+
| Bonded IOB       |    0 |     0 |          0 |        82 |  0.00 |
|   HPIOB_M        |    0 |     0 |          0 |        26 |  0.00 |
|   HPIOB_S        |    0 |     0 |          0 |        26 |  0.00 |
|   HDIOB_M        |    0 |     0 |          0 |        12 |  0.00 |
|   HDIOB_S        |    0 |     0 |          0 |        12 |  0.00 |
|   HPIOB_SNGL     |    0 |     0 |          0 |         6 |  0.00 |
| HPIOBDIFFINBUF   |    0 |     0 |          0 |        72 |  0.00 |
| HPIOBDIFFOUTBUF  |    0 |     0 |          0 |        72 |  0.00 |
| HDIOBDIFFINBUF   |    0 |     0 |          0 |        48 |  0.00 |
| BITSLICE_CONTROL |    0 |     0 |          0 |        24 |  0.00 |
| BITSLICE_RX_TX   |    0 |     0 |          0 |       936 |  0.00 |
| BITSLICE_TX      |    0 |     0 |          0 |        24 |  0.00 |
| RIU_OR           |    0 |     0 |          0 |        12 |  0.00 |
+------------------+------+-------+------------+-----------+-------+


6. CLOCK
--------

+------------+------+-------+------------+-----------+-------+
|  Site Type | Used | Fixed | Prohibited | Available | Util% |
+------------+------+-------+------------+-----------+-------+
| BUFGCE     |    0 |     0 |          0 |        88 |  0.00 |
| BUFGCE_DIV |    0 |     0 |          0 |        12 |  0.00 |
| BUFG_PS    |    1 |     0 |          0 |        72 |  1.39 |
| BUFGCTRL*  |    0 |     0 |          0 |        24 |  0.00 |
| PLL        |    0 |     0 |          0 |         6 |  0.00 |
| MMCM       |    0 |     0 |          0 |         3 |  0.00 |
+------------+------+-------+------------+-----------+-------+
* Note: Each used BUFGCTRL counts as two GLOBAL CLOCK BUFFERs. This table does not include global clocking resources, only buffer cell usage. See the Clock Utilization Report (report_clock_utilization) for detailed accounting of global clocking resource availability.


7. ADVANCED
-----------

+-----------+------+-------+------------+-----------+--------+
| Site Type | Used | Fixed | Prohibited | Available |  Util% |
+-----------+------+-------+------------+-----------+--------+
| PS8       |    1 |     0 |          0 |         1 | 100.00 |
| SYSMONE4  |    0 |     0 |          0 |         1 |   0.00 |
+-----------+------+-------+------------+-----------+--------+


8. CONFIGURATION
----------------

+-------------+------+-------+------------+-----------+-------+
|  Site Type  | Used | Fixed | Prohibited | Available | Util% |
+-------------+------+-------+------------+-----------+-------+
| BSCANE2     |    0 |     0 |          0 |         4 |  0.00 |
| DNA_PORTE2  |    0 |     0 |          0 |         1 |  0.00 |
| EFUSE_USR   |    0 |     0 |          0 |         1 |  0.00 |
| FRAME_ECCE4 |    0 |     0 |          0 |         1 |  0.00 |
| ICAPE3      |    0 |     0 |          0 |         2 |  0.00 |
| MASTER_JTAG |    0 |     0 |          0 |         1 |  0.00 |
| STARTUPE3   |    0 |     0 |          0 |         1 |  0.00 |
+-------------+------+-------+------------+-----------+-------+


9. Primitives
-------------

+----------+-------+---------------------+
| Ref Name |  Used | Functional Category |
+----------+-------+---------------------+
| FDRE     | 10800 |            Register |
| LUT6     |  4915 |                 CLB |
| LUT3     |  2627 |                 CLB |
| LUT4     |  2326 |                 CLB |
| LUT5     |  1440 |                 CLB |
| FDSE     |   983 |            Register |
| RAMD32   |   982 |                 CLB |
| LUT2     |   922 |                 CLB |
| MUXF7    |   312 |                 CLB |
| LUT1     |   236 |                 CLB |
| SRL16E   |   181 |                 CLB |
| RAMS32   |   138 |                 CLB |
| CARRY8   |   129 |                 CLB |
| FDCE     |   120 |            Register |
| DSP48E2  |    45 |          Arithmetic |
| MUXF8    |    20 |                 CLB |
| RAMB36E2 |     2 |            BLOCKRAM |
| RAMB18E2 |     2 |            BLOCKRAM |
| PS8      |     1 |            Advanced |
| BUFG_PS  |     1 |               Clock |
+----------+-------+---------------------+


10. Black Boxes
---------------

+----------+------+
| Ref Name | Used |
+----------+------+


11. Instantiated Netlists
-------------------------

+-------------------+------+
|      Ref Name     | Used |
+-------------------+------+
| u96v4bd_sc_hp_0   |    1 |
| u96v4bd_sc_ctrl_0 |    1 |
| u96v4bd_rst_0     |    1 |
| u96v4bd_ps_0      |    1 |
| u96v4bd_pre_0     |    1 |
| u96v4bd_dma_0     |    1 |
+-------------------+------+


