Copyright 1986-2022 Xilinx, Inc. All Rights Reserved. Copyright 2022-2025 Advanced Micro Devices, Inc. All Rights Reserved.
--------------------------------------------------------------------------------------------------------------------------------------------------
| Tool Version      : Vivado v.2025.2 (win64) Build 6299465 Fri Nov 14 19:35:11 GMT 2025
| Date              : Thu Jul  9 21:19:55 2026
| Host              : DESKTOP-B6PV349 running 64-bit major release  (build 9200)
| Command           : report_timing_summary -file D:/ZB_AI_Vision/vivado/u96_dma_conv_parallel_impl_timing_summary.rpt
| Design            : u96bd_wrapper
| Device            : xczu3eg-sbva484
| Speed File        : -1  PRODUCTION 1.30 05-15-2022
| Design State      : Routed
| Temperature Grade : E
--------------------------------------------------------------------------------------------------------------------------------------------------

Timing Summary Report

------------------------------------------------------------------------------------------------
| Timer Settings
| --------------
------------------------------------------------------------------------------------------------

  Enable Multi Corner Analysis               :  Yes
  Enable Pessimism Removal                   :  Yes
  Pessimism Removal Resolution               :  Nearest Common Node
  Enable Input Delay Default Clock           :  No
  Enable Preset / Clear Arcs                 :  No
  Disable Flight Delays                      :  No
  Ignore I/O Paths                           :  No
  Timing Early Launch at Borrowing Latches   :  No
  Borrow Time for Max Delay Exceptions       :  Yes
  Merge Timing Exceptions                    :  Yes
  Inter-SLR Compensation                     :  Conservative

  Corner  Analyze    Analyze    
  Name    Max Paths  Min Paths  
  ------  ---------  ---------  
  Slow    Yes        Yes        
  Fast    Yes        Yes        


------------------------------------------------------------------------------------------------
| Report Methodology
| ------------------
------------------------------------------------------------------------------------------------

No report available as report_methodology has not been run prior. Run report_methodology on the current design for the summary of methodology violations.



check_timing report

Table of Contents
-----------------
1. checking no_clock (0)
2. checking constant_clock (0)
3. checking pulse_width_clock (0)
4. checking unconstrained_internal_endpoints (0)
5. checking no_input_delay (0)
6. checking no_output_delay (0)
7. checking multiple_clock (0)
8. checking generated_clocks (0)
9. checking loops (0)
10. checking partial_input_delay (0)
11. checking partial_output_delay (0)
12. checking latch_loops (0)

1. checking no_clock (0)
------------------------
 There are 0 register/latch pins with no clock.


2. checking constant_clock (0)
------------------------------
 There are 0 register/latch pins with constant_clock.


3. checking pulse_width_clock (0)
---------------------------------
 There are 0 register/latch pins which need pulse_width check


4. checking unconstrained_internal_endpoints (0)
------------------------------------------------
 There are 0 pins that are not constrained for maximum delay.

 There are 0 pins that are not constrained for maximum delay due to constant clock.


5. checking no_input_delay (0)
------------------------------
 There are 0 input ports with no input delay specified.

 There are 0 input ports with no input delay but user has a false path constraint.


6. checking no_output_delay (0)
-------------------------------
 There are 0 ports with no output delay specified.

 There are 0 ports with no output delay but user has a false path constraint

 There are 0 ports with no output delay but with a timing clock defined on it or propagating through it


7. checking multiple_clock (0)
------------------------------
 There are 0 register/latch pins with multiple clocks.


8. checking generated_clocks (0)
--------------------------------
 There are 0 generated clocks that are not connected to a clock source.


9. checking loops (0)
---------------------
 There are 0 combinational loops in the design.


10. checking partial_input_delay (0)
------------------------------------
 There are 0 input ports with partial input delay specified.


11. checking partial_output_delay (0)
-------------------------------------
 There are 0 ports with partial output delay specified.


12. checking latch_loops (0)
----------------------------
 There are 0 combinational latch loops in the design through latch input



------------------------------------------------------------------------------------------------
| Design Timing Summary
| ---------------------
------------------------------------------------------------------------------------------------

    WNS(ns)      TNS(ns)  TNS Failing Endpoints  TNS Total Endpoints      WHS(ns)      THS(ns)  THS Failing Endpoints  THS Total Endpoints     WPWS(ns)     TPWS(ns)  TPWS Failing Endpoints  TPWS Total Endpoints  
    -------      -------  ---------------------  -------------------      -------      -------  ---------------------  -------------------     --------     --------  ----------------------  --------------------  
      5.456        0.000                      0                28389        0.011        0.000                      0                28389        3.500        0.000                       0                  9493  


All user specified timing constraints are met.


------------------------------------------------------------------------------------------------
| Clock Summary
| -------------
------------------------------------------------------------------------------------------------

Clock     Waveform(ns)       Period(ns)      Frequency(MHz)
-----     ------------       ----------      --------------
clk_pl_0  {0.000 5.000}      10.000          100.000         


------------------------------------------------------------------------------------------------
| Intra Clock Table
| -----------------
------------------------------------------------------------------------------------------------

Clock             WNS(ns)      TNS(ns)  TNS Failing Endpoints  TNS Total Endpoints      WHS(ns)      THS(ns)  THS Failing Endpoints  THS Total Endpoints     WPWS(ns)     TPWS(ns)  TPWS Failing Endpoints  TPWS Total Endpoints  
-----             -------      -------  ---------------------  -------------------      -------      -------  ---------------------  -------------------     --------     --------  ----------------------  --------------------  
clk_pl_0            5.456        0.000                      0                28389        0.011        0.000                      0                28389        3.500        0.000                       0                  9493  


------------------------------------------------------------------------------------------------
| Inter Clock Table
| -----------------
------------------------------------------------------------------------------------------------

From Clock    To Clock          WNS(ns)      TNS(ns)  TNS Failing Endpoints  TNS Total Endpoints      WHS(ns)      THS(ns)  THS Failing Endpoints  THS Total Endpoints  
----------    --------          -------      -------  ---------------------  -------------------      -------      -------  ---------------------  -------------------  


------------------------------------------------------------------------------------------------
| Other Path Groups Table
| -----------------------
------------------------------------------------------------------------------------------------

Path Group    From Clock    To Clock          WNS(ns)      TNS(ns)  TNS Failing Endpoints  TNS Total Endpoints      WHS(ns)      THS(ns)  THS Failing Endpoints  THS Total Endpoints  
----------    ----------    --------          -------      -------  ---------------------  -------------------      -------      -------  ---------------------  -------------------  


------------------------------------------------------------------------------------------------
| Timing Details
| --------------
------------------------------------------------------------------------------------------------


---------------------------------------------------------------------------------------------------
From Clock:  clk_pl_0
  To Clock:  clk_pl_0

Setup :            0  Failing Endpoints,  Worst Slack        5.456ns,  Total Violation        0.000ns
Hold  :            0  Failing Endpoints,  Worst Slack        0.011ns,  Total Violation        0.000ns
PW    :            0  Failing Endpoints,  Worst Slack        3.500ns,  Total Violation        0.000ns
---------------------------------------------------------------------------------------------------


Max Delay Paths
--------------------------------------------------------------------------------------
Slack (MET) :             5.456ns  (required time - arrival time)
  Source:                 u96bd_i/pre/inst/conv_path/row_mod_r_reg[1]/C
                            (rising edge-triggered cell FDRE clocked by clk_pl_0  {rise@0.000ns fall@5.000ns period=10.000ns})
  Destination:            u96bd_i/pre/inst/conv_path/p1_prod02_r_reg/DSP_A_B_DATA_INST/A[6]
                            (rising edge-triggered cell DSP_A_B_DATA clocked by clk_pl_0  {rise@0.000ns fall@5.000ns period=10.000ns})
  Path Group:             clk_pl_0
  Path Type:              Setup (Max at Slow Process Corner)
  Requirement:            10.000ns  (clk_pl_0 rise@10.000ns - clk_pl_0 rise@0.000ns)
  Data Path Delay:        3.853ns  (logic 0.790ns (20.505%)  route 3.063ns (79.495%))
  Logic Levels:           6  (LUT2=1 LUT3=1 LUT5=1 LUT6=2 MUXF7=1)
  Clock Path Skew:        -0.205ns (DCD - SCD + CPR)
    Destination Clock Delay (DCD):    1.711ns = ( 11.711 - 10.000 ) 
    Source Clock Delay      (SCD):    2.018ns
    Clock Pessimism Removal (CPR):    0.102ns
  Clock Uncertainty:      0.176ns  ((TSJ^2 + DJ^2)^1/2) / 2 + PE
    Total System Jitter     (TSJ):    0.071ns
    Discrete Jitter          (DJ):    0.344ns
    Phase Error              (PE):    0.000ns
  Clock Net Delay (Source):      1.811ns (routing 0.638ns, distribution 1.173ns)
  Clock Net Delay (Destination): 1.544ns (routing 0.576ns, distribution 0.968ns)

    Location             Delay type                Incr(ns)  Path(ns)    Netlist Resource(s)
  -------------------------------------------------------------------    -------------------
                         (clock clk_pl_0 rise edge)
                                                      0.000     0.000 r  
    PS8_X0Y0             PS8                          0.000     0.000 r  u96bd_i/ps/inst/PS8_i/PLCLK[0]
                         net (fo=1, routed)           0.178     0.178    u96bd_i/ps/inst/pl_clk_unbuffered[0]
    BUFG_PS_X0Y58        BUFG_PS (Prop_BUFG_PS_I_O)
                                                      0.029     0.207 r  u96bd_i/ps/inst/buffer_pl_clk_0.PL_CLK_0_BUFG/O
    X0Y1 (CLOCK_ROOT)    net (fo=9536, routed)        1.811     2.018    u96bd_i/pre/inst/conv_path/S_AXI_ACLK
    SLICE_X6Y122         FDRE                                         r  u96bd_i/pre/inst/conv_path/row_mod_r_reg[1]/C
  -------------------------------------------------------------------    -------------------
    SLICE_X6Y122         FDRE (Prop_AFF_SLICEL_C_Q)
                                                      0.096     2.114 f  u96bd_i/pre/inst/conv_path/row_mod_r_reg[1]/Q
                         net (fo=115, routed)         0.079     2.193    u96bd_i/pre/inst/conv_path/row_mod_r[1]
    SLICE_X6Y122         LUT2 (Prop_F6LUT_SLICEL_I0_O)
                                                      0.148     2.341 f  u96bd_i/pre/inst/conv_path/row_mod_r[0]_i_2/O
                         net (fo=456, routed)         0.892     3.233    u96bd_i/pre/inst/conv_path/row_mod_r[0]_i_2_n_0
    SLICE_X11Y141        LUT6 (Prop_D6LUT_SLICEL_I5_O)
                                                      0.116     3.349 f  u96bd_i/pre/inst/conv_path/p1_prod01_r_reg_i_114/O
                         net (fo=2, routed)           0.316     3.665    u96bd_i/pre/inst/conv_path/p1_prod01_r_reg_i_114_n_0
    SLICE_X7Y145         LUT3 (Prop_C6LUT_SLICEL_I2_O)
                                                      0.098     3.763 f  u96bd_i/pre/inst/conv_path/p1_prod00_r_reg_i_53/O
                         net (fo=2, routed)           0.247     4.011    u96bd_i/pre/inst/conv_path/p1_prod00_r_reg_i_53_n_0
    SLICE_X9Y147         LUT6 (Prop_H6LUT_SLICEM_I1_O)
                                                      0.182     4.193 r  u96bd_i/pre/inst/conv_path/p1_prod02_r_reg_i_43/O
                         net (fo=1, routed)           0.016     4.209    u96bd_i/pre/inst/conv_path/p1_prod02_r_reg_i_43_n_0
    SLICE_X9Y147         MUXF7 (Prop_F7MUX_GH_SLICEM_I0_O)
                                                      0.086     4.295 r  u96bd_i/pre/inst/conv_path/p1_prod02_r_reg_i_16/O
                         net (fo=1, routed)           0.219     4.514    u96bd_i/pre/inst/conv_path/p1_prod02_r_reg_i_16_n_0
    SLICE_X8Y146         LUT5 (Prop_E6LUT_SLICEL_I4_O)
                                                      0.064     4.578 r  u96bd_i/pre/inst/conv_path/p1_prod02_r_reg_i_3/O
                         net (fo=1, routed)           1.293     5.871    u96bd_i/pre/inst/conv_path/p1_prod02_r_reg/A[6]
    DSP48E2_X0Y30        DSP_A_B_DATA                                 r  u96bd_i/pre/inst/conv_path/p1_prod02_r_reg/DSP_A_B_DATA_INST/A[6]
  -------------------------------------------------------------------    -------------------

                         (clock clk_pl_0 rise edge)
                                                     10.000    10.000 r  
    PS8_X0Y0             PS8                          0.000    10.000 r  u96bd_i/ps/inst/PS8_i/PLCLK[0]
                         net (fo=1, routed)           0.140    10.140    u96bd_i/ps/inst/pl_clk_unbuffered[0]
    BUFG_PS_X0Y58        BUFG_PS (Prop_BUFG_PS_I_O)
                                                      0.027    10.167 r  u96bd_i/ps/inst/buffer_pl_clk_0.PL_CLK_0_BUFG/O
    X0Y1 (CLOCK_ROOT)    net (fo=9536, routed)        1.544    11.711    u96bd_i/pre/inst/conv_path/p1_prod02_r_reg/CLK
    DSP48E2_X0Y30        DSP_A_B_DATA                                 r  u96bd_i/pre/inst/conv_path/p1_prod02_r_reg/DSP_A_B_DATA_INST/CLK
                         clock pessimism              0.102    11.813    
                         clock uncertainty           -0.176    11.637    
    DSP48E2_X0Y30        DSP_A_B_DATA (Setup_DSP_A_B_DATA_DSP48E2_CLK_A[6])
                                                     -0.311    11.326    u96bd_i/pre/inst/conv_path/p1_prod02_r_reg/DSP_A_B_DATA_INST
  -------------------------------------------------------------------
                         required time                         11.326    
                         arrival time                          -5.871    
  -------------------------------------------------------------------
                         slack                                  5.456    





Min Delay Paths
--------------------------------------------------------------------------------------
Slack (MET) :             0.011ns  (arrival time - required time)
  Source:                 u96bd_i/sc_hp/inst/m00_exit_pipeline/m00_exit/inst/r_reg/m_vector_i_reg[1093]/C
                            (rising edge-triggered cell FDRE clocked by clk_pl_0  {rise@0.000ns fall@5.000ns period=10.000ns})
  Destination:            u96bd_i/sc_hp/inst/m00_nodes/m00_r_node/inst/inst_mi_handler/gen_normal_area.inst_fifo_node_payld/gen_xpm_memory_fifo.inst_fifo/gen_mem_rep[0].inst_xpm_memory/xpm_memory_base_inst/gen_wr_a.gen_word_narrow.mem_reg_0_31_42_55/RAMG_D1/I
                            (rising edge-triggered cell RAMD32 clocked by clk_pl_0  {rise@0.000ns fall@5.000ns period=10.000ns})
  Path Group:             clk_pl_0
  Path Type:              Hold (Min at Slow Process Corner)
  Requirement:            0.000ns  (clk_pl_0 rise@0.000ns - clk_pl_0 rise@0.000ns)
  Data Path Delay:        0.255ns  (logic 0.072ns (28.235%)  route 0.183ns (71.765%))
  Logic Levels:           0  
  Clock Path Skew:        0.181ns (DCD - SCD - CPR)
    Destination Clock Delay (DCD):    2.054ns
    Source Clock Delay      (SCD):    1.712ns
    Clock Pessimism Removal (CPR):    0.161ns
  Clock Net Delay (Source):      1.545ns (routing 0.576ns, distribution 0.969ns)
  Clock Net Delay (Destination): 1.847ns (routing 0.638ns, distribution 1.209ns)

    Location             Delay type                Incr(ns)  Path(ns)    Netlist Resource(s)
  -------------------------------------------------------------------    -------------------
                         (clock clk_pl_0 rise edge)
                                                      0.000     0.000 r  
    PS8_X0Y0             PS8                          0.000     0.000 r  u96bd_i/ps/inst/PS8_i/PLCLK[0]
                         net (fo=1, routed)           0.140     0.140    u96bd_i/ps/inst/pl_clk_unbuffered[0]
    BUFG_PS_X0Y58        BUFG_PS (Prop_BUFG_PS_I_O)
                                                      0.027     0.167 r  u96bd_i/ps/inst/buffer_pl_clk_0.PL_CLK_0_BUFG/O
    X0Y1 (CLOCK_ROOT)    net (fo=9536, routed)        1.545     1.712    u96bd_i/sc_hp/inst/m00_exit_pipeline/m00_exit/inst/r_reg/aclk
    SLICE_X0Y15          FDRE                                         r  u96bd_i/sc_hp/inst/m00_exit_pipeline/m00_exit/inst/r_reg/m_vector_i_reg[1093]/C
  -------------------------------------------------------------------    -------------------
    SLICE_X0Y15          FDRE (Prop_AFF2_SLICEL_C_Q)
                                                      0.072     1.784 r  u96bd_i/sc_hp/inst/m00_exit_pipeline/m00_exit/inst/r_reg/m_vector_i_reg[1093]/Q
                         net (fo=1, routed)           0.183     1.967    u96bd_i/sc_hp/inst/m00_nodes/m00_r_node/inst/inst_mi_handler/gen_normal_area.inst_fifo_node_payld/gen_xpm_memory_fifo.inst_fifo/gen_mem_rep[0].inst_xpm_memory/xpm_memory_base_inst/gen_wr_a.gen_word_narrow.mem_reg_0_31_42_55/DIG1
    SLICE_X1Y15          RAMD32                                       r  u96bd_i/sc_hp/inst/m00_nodes/m00_r_node/inst/inst_mi_handler/gen_normal_area.inst_fifo_node_payld/gen_xpm_memory_fifo.inst_fifo/gen_mem_rep[0].inst_xpm_memory/xpm_memory_base_inst/gen_wr_a.gen_word_narrow.mem_reg_0_31_42_55/RAMG_D1/I
  -------------------------------------------------------------------    -------------------

                         (clock clk_pl_0 rise edge)
                                                      0.000     0.000 r  
    PS8_X0Y0             PS8                          0.000     0.000 r  u96bd_i/ps/inst/PS8_i/PLCLK[0]
                         net (fo=1, routed)           0.178     0.178    u96bd_i/ps/inst/pl_clk_unbuffered[0]
    BUFG_PS_X0Y58        BUFG_PS (Prop_BUFG_PS_I_O)
                                                      0.029     0.207 r  u96bd_i/ps/inst/buffer_pl_clk_0.PL_CLK_0_BUFG/O
    X0Y1 (CLOCK_ROOT)    net (fo=9536, routed)        1.847     2.054    u96bd_i/sc_hp/inst/m00_nodes/m00_r_node/inst/inst_mi_handler/gen_normal_area.inst_fifo_node_payld/gen_xpm_memory_fifo.inst_fifo/gen_mem_rep[0].inst_xpm_memory/xpm_memory_base_inst/gen_wr_a.gen_word_narrow.mem_reg_0_31_42_55/WCLK
    SLICE_X1Y15          RAMD32                                       r  u96bd_i/sc_hp/inst/m00_nodes/m00_r_node/inst/inst_mi_handler/gen_normal_area.inst_fifo_node_payld/gen_xpm_memory_fifo.inst_fifo/gen_mem_rep[0].inst_xpm_memory/xpm_memory_base_inst/gen_wr_a.gen_word_narrow.mem_reg_0_31_42_55/RAMG_D1/CLK
                         clock pessimism             -0.161     1.893    
    SLICE_X1Y15          RAMD32 (Hold_G6LUT_SLICEM_CLK_I)
                                                      0.063     1.956    u96bd_i/sc_hp/inst/m00_nodes/m00_r_node/inst/inst_mi_handler/gen_normal_area.inst_fifo_node_payld/gen_xpm_memory_fifo.inst_fifo/gen_mem_rep[0].inst_xpm_memory/xpm_memory_base_inst/gen_wr_a.gen_word_narrow.mem_reg_0_31_42_55/RAMG_D1
  -------------------------------------------------------------------
                         required time                         -1.956    
                         arrival time                           1.967    
  -------------------------------------------------------------------
                         slack                                  0.011    





Pulse Width Checks
--------------------------------------------------------------------------------------
Clock Name:         clk_pl_0
Waveform(ns):       { 0.000 5.000 }
Period(ns):         10.000
Sources:            { u96bd_i/ps/inst/PS8_i/PLCLK[0] }

Check Type        Corner  Lib Pin          Reference Pin  Required(ns)  Actual(ns)  Slack(ns)  Location  Pin
Min Period        n/a     PS8/MAXIGP0ACLK  n/a            3.000         10.000      7.000      PS8_X0Y0  u96bd_i/ps/inst/PS8_i/MAXIGP0ACLK
Low Pulse Width   Slow    PS8/MAXIGP0ACLK  n/a            1.500         5.000       3.500      PS8_X0Y0  u96bd_i/ps/inst/PS8_i/MAXIGP0ACLK
High Pulse Width  Slow    PS8/MAXIGP0ACLK  n/a            1.500         5.000       3.500      PS8_X0Y0  u96bd_i/ps/inst/PS8_i/MAXIGP0ACLK



